This is LuaHBTeX, Version 1.15.1 (MiKTeX 22.10) (format=lualatex 2023.3.23)  23 MAR 2023 16:59
 restricted system commands enabled.
**"C:/Users/Windows/OneDrive/Documents/Felipe/SAEB (CASA DE LETRAS)/saeb-reforc
ototal/5ANO_PORTUGUES/LIVRO.tex"

("C:/Users/Windows/OneDrive/Documents/Felipe/SAEB (CASA DE LETRAS)/saeb-reforco
total/5ANO_PORTUGUES/LIVRO.tex"
LaTeX2e <2022-06-01> patch level 5
Lua module: luaotfload 2022-10-03 3.23 Lua based OpenType font support
Lua module: lualibs 2022-10-04 2.75 ConTeXt Lua standard libraries.
Lua module: lualibs-extended 2022-10-04 2.75 ConTeXt Lua libraries -- extended c
ollection.
luaotfload | conf : Root cache directory is "C:/Users/Windows/AppData/Local/MiKT
eX/luatex-cache/generic/names".
luaotfload | init : Loading fontloader "fontloader-2022-10-03.lua" from kpse-res
olved path "C:/Users/Windows/AppData/Local/Programs/MiKTeX/tex/luatex/luaotfload
/fontloader-2022-10-03.lua".
Lua-only attribute luaotfload@noligature = 1
luaotfload | init : Context OpenType loader version 3.120
Inserting `luaotfload.node_processor' at position 1 in `pre_linebreak_filter'.
Inserting `luaotfload.node_processor' at position 1 in `hpack_filter'.
Inserting `luaotfload.glyph_stream' at position 1 in `glyph_stream_provider'.
Inserting `luaotfload.define_font' at position 1 in `define_font'.
Lua-only attribute luaotfload_color_attribute = 2
luaotfload | conf : Root cache directory is "C:/Users/Windows/AppData/Local/MiKT
eX/luatex-cache/generic/names".
Inserting `luaotfload.harf.strip_prefix' at position 1 in `find_opentype_file'.
Inserting `luaotfload.harf.strip_prefix' at position 1 in `find_truetype_file'.
Removing  `luaotfload.glyph_stream' from `glyph_stream_provider'.
Inserting `luaotfload.harf.glyphstream' at position 1 in `glyph_stream_provider'
.
Inserting `luaotfload.harf.finalize_vlist' at position 1 in `post_linebreak_filt
er'.
Inserting `luaotfload.harf.finalize_hlist' at position 2 in `hpack_filter'.
Inserting `luaotfload.cleanup_files' at position 1 in `wrapup_run'.
Inserting `luaotfload.harf.finalize_unicode' at position 1 in `finish_pdffile'.
Inserting `luaotfload.glyphinfo' at position 1 in `glyph_info'.
Lua-only attribute luaotfload.letterspace_done = 3
Inserting `luaotfload.aux.set_sscale_dimens' at position 1 in `luaotfload.patch_
font'.
Inserting `luaotfload.aux.set_font_index' at position 2 in `luaotfload.patch_fon
t'.
Inserting `luaotfload.aux.patch_cambria_domh' at position 3 in `luaotfload.patch
_font'.
Inserting `luaotfload.aux.fixup_fontdata' at position 1 in `luaotfload.patch_fon
t_unsafe'.
Inserting `luaotfload.aux.set_capheight' at position 4 in `luaotfload.patch_font
'.
Inserting `luaotfload.aux.set_xheight' at position 5 in `luaotfload.patch_font'.
Inserting `luaotfload.rewrite_fontname' at position 6 in `luaotfload.patch_font'
. L3 programming layer <2022-09-28>
Inserting `tracingstacklevels' at position 1 in `input_level_string'.
(C:/Users/Windows/AppData/Local/Programs/MiKTeX/tex/latex/memoir/memoir.cls
Document Class: memoir 2022/11/17 v3.7.19 configurable book, report, article do
cument class

(C:/Users/Windows/AppData/Local/Programs/MiKTeX/tex/latex/etoolbox/etoolbox.sty
Package: etoolbox 2020/10/05 v2.5k e-TeX tools for LaTeX (JAW)
\etb@tempcnta=\count183
)
\onelineskip=\skip47
\lxvchars=\skip48
\xlvchars=\skip49
\@memcnta=\count184
\c@@memmarkcntra=\count185
 (C:/Users/Windows/AppData/Local/Programs/MiKTeX/tex/generic/iftex/iftex.sty
Package: iftex 2022/02/03 v1.0f TeX engine tests
)
\stockheight=\dimen137
\stockwidth=\dimen138
\trimtop=\skip50
\trimedge=\skip51

(C:/Users/Windows/AppData/Local/Programs/MiKTeX/tex/latex/memoir/mem12.clo
File: mem12.clo 2022/07/29 v0.5 memoir class 12pt size option
luaotfload | db : Font names database loaded from C:/Users/Windows/AppData/Local
/MiKTeX/luatex-cache/generic/names/luaotfload-names.luc.gz)
\binding=\skip52
\spinemargin=\skip53
\foremargin=\skip54
\uppermargin=\skip55
\lowermargin=\skip56
\headdrop=\skip57
\normalrulethickness=\skip58
\mem@maxheadheight=\skip59
\mem@maxfootheight=\skip60
\headwidth=\skip61
\c@storedpagenumber=\count186
\memPD=\dimen139
\m@mabparskip=\skip62
\thanksmarkwidth=\skip63
\thanksmarksep=\skip64
\droptitle=\skip65
\c@book=\count187
\c@part=\count188
\c@chapter=\count189
\c@section=\count190
\c@subsection=\count191
\c@subsubsection=\count192
\c@paragraph=\count193
\c@subparagraph=\count194
\beforechapskip=\skip66
\midchapskip=\skip67
\afterchapskip=\skip68
\chapindent=\skip69
\bottomsectionskip=\skip70
\secindent=\skip71
\beforesecskip=\skip72
\aftersecskip=\skip73
\subsecindent=\skip74
\beforesubsecskip=\skip75
\aftersubsecskip=\skip76
\subsubsecindent=\skip77
\beforesubsubsecskip=\skip78
\aftersubsubsecskip=\skip79
\paraindent=\skip80
\beforeparaskip=\skip81
\afterparaskip=\skip82
\subparaindent=\skip83
\beforesubparaskip=\skip84
\aftersubparaskip=\skip85
\pfbreakskip=\skip86
\c@@ppsavesec=\count195
\c@@ppsaveapp=\count196
\ragrparindent=\dimen140
\everylistparindent=\dimen141
\parsepi=\skip87
\topsepi=\skip88
\itemsepi=\skip89
\parsepii=\skip90
\topsepii=\skip91
\topsepiii=\skip92
\itemsepii=\skip93
\itemsepiii=\skip94
\partopsepii=\skip95
\partopsepiii=\skip96
\m@msavetopsep=\skip97
\m@msavepartopsep=\skip98
\@enLab=\toks16
\abstitleskip=\skip99
\absleftindent=\skip100
\abs@leftindent=\dimen142
\absrightindent=\skip101
\absparindent=\skip102
\absparsep=\skip103
\c@vslineno=\count197
\c@poemline=\count198
\c@modulo@vs=\count199
\c@memfvsline=\count266
\vleftskip=\skip104
\vrightskip=\skip105
\stanzaskip=\skip106
\versewidth=\skip107
\vgap=\skip108
\vindent=\skip109
\vleftmargin=\dimen143
\c@verse=\count267
\c@chrsinstr=\count268
\beforepoemtitleskip=\skip110
\afterpoemtitleskip=\skip111
\c@poem=\count269
\beforePoemTitleskip=\skip112
\midPoemTitleskip=\skip113
\afterPoemTitleskip=\skip114

(C:/Users/Windows/AppData/Local/Programs/MiKTeX/tex/latex/tools/array.sty
Package: array 2022/03/10 v2.5f Tabular extension package (FMi)
\col@sep=\dimen144
\ar@mcellbox=\box51
\extrarowheight=\dimen145
\NC@list=\toks17
\extratabsurround=\skip115
\backup@length=\skip116
\ar@cellbox=\box52
)
(C:/Users/Windows/AppData/Local/Programs/MiKTeX/tex/latex/tools/dcolumn.sty
Package: dcolumn 2014/10/28 v1.06 decimal alignment package (DPC)
)
(C:/Users/Windows/AppData/Local/Programs/MiKTeX/tex/latex/tools/delarray.sty
Package: delarray 2014/10/28 v1.01 array delimiter package (DPC)
)
(C:/Users/Windows/AppData/Local/Programs/MiKTeX/tex/latex/tools/tabularx.sty
Package: tabularx 2020/01/15 v2.11c `tabularx' package (DPC)
\TX@col@width=\dimen146
\TX@old@table=\dimen147
\TX@old@col=\dimen148
\TX@target=\dimen149
\TX@delta=\dimen150
\TX@cols=\count270
\TX@ftn=\toks18
)
\heavyrulewidth=\dimen151
\lightrulewidth=\dimen152
\cmidrulewidth=\dimen153
\belowrulesep=\dimen154
\belowbottomsep=\dimen155
\aboverulesep=\dimen156
\abovetopsep=\dimen157
\cmidrulesep=\dimen158
\cmidrulekern=\dimen159
\defaultaddspace=\dimen160
\@cmidla=\count271
\@cmidlb=\count272
\@aboverulesep=\dimen161
\@belowrulesep=\dimen162
\@thisruleclass=\count273
\@lastruleclass=\count274
\@thisrulewidth=\dimen163
\ctableftskip=\skip117
\ctabrightskip=\skip118
\abovecolumnspenalty=\count275
\@linestogo=\count276
\@cellstogo=\count277
\@cellsincolumn=\count278
\crtok=\toks19
\@mincolumnwidth=\dimen164
\c@newflo@tctr=\count279
\mem@margin@floatbox=\box53
\@contcwidth=\skip119
\@contindw=\skip120
\abovecaptionskip=\skip121
\belowcaptionskip=\skip122
\subfloattopskip=\skip123
\subfloatcapskip=\skip124
\subfloatcaptopadj=\skip125
\subfloatbottomskip=\skip126
\subfloatlabelskip=\skip127
\subfloatcapmargin=\dimen165
\c@@contsubnum=\count280
\m@mscap@capbox=\box54
\m@mscap@fbox=\box55
\sidecapsep=\dimen166
\sidecapwidth=\dimen167
\m@m@tempdima=\dimen168
\m@mscapraise=\dimen169
\sidecapraise=\dimen170
\m@mscapmainwidth=\dimen171
\m@mscaplkern=\dimen172
\beforeepigraphskip=\skip128
\afterepigraphskip=\skip129
\epigraphwidth=\skip130
\epigraphrule=\skip131
LaTeX Info: Redefining \em on input line 7655.
LaTeX Info: Redefining \emph on input line 7663.
\tocentryskip=\skip132
\tocbaseline=\skip133
\cftparskip=\skip134
\cftbeforebookskip=\skip135
\cftbookindent=\dimen173
\cftbooknumwidth=\dimen174
\cftbeforepartskip=\skip136
\cftpartindent=\skip137
\cftpartnumwidth=\skip138
\cftbeforechapterskip=\skip139
\cftchapterindent=\skip140
\cftchapternumwidth=\skip141
\cftbeforesectionskip=\skip142
\cftsectionindent=\skip143
\cftsectionnumwidth=\skip144
\cftbeforesubsectionskip=\skip145
\cftsubsectionindent=\skip146
\cftsubsectionnumwidth=\skip147
\cftbeforesubsubsectionskip=\skip148
\cftsubsubsectionindent=\skip149
\cftsubsubsectionnumwidth=\skip150
\cftbeforeparagraphskip=\skip151
\cftparagraphindent=\skip152
\cftparagraphnumwidth=\skip153
\cftbeforesubparagraphskip=\skip154
\cftsubparagraphindent=\skip155
\cftsubparagraphnumwidth=\skip156
\prechapterprecisshift=\dimen175
\c@maxsecnumdepth=\count281
\bibindent=\dimen176
\bibitemsep=\skip157
\indexcolsep=\skip158
\indexrule=\skip159
\indexmarkstyle=\toks20
\@indexbox=\insert252
\glossarycolsep=\dimen177
\glossaryrule=\dimen178
\sideparvshift=\skip160
\sideins=\insert251
\sidebartopsep=\skip161
\sidebarhsep=\skip162
\sidebarvsep=\skip163
\sidebarwidth=\skip164
\footmarkwidth=\skip165
\footmarksep=\skip166
\footparindent=\skip167
\footinsdim=\skip168
\footinsv@r=\insert250
\@mpfootinsv@r=\insert249
\m@m@k=\count282
\m@m@h=\dimen179
\m@mipn@skip=\skip169
\sidefootins=\insert248
\sidefootadjust=\skip170
\sidefootheight=\skip171
\sidefoothsep=\skip172
\sidefootvsep=\skip173
\sidefootwidth=\skip174
\m@mdownsf=\skip175
\c@sidefootnote=\count283
\sidefootmarkwidth=\skip176
\sidefootmarksep=\skip177
\sidefootparindent=\skip178
\c@pagenote=\count284
\c@pagenoteshadow=\count285
\mem@pn@lastkern=\skip179
\every@verbatim=\toks21
\afterevery@verbatim=\toks22
\verbatim@line=\toks23
\tab@position=\count286
\verbatim@in@stream=\read2
\verbatimindent=\skip180
\verbatim@out=\write3
\bvboxsep=\skip181
\c@memfbvline=\count287
\c@bvlinectr=\count288
\bvnumlength=\skip182
\fb@frw=\dimen180
\fb@frh=\dimen181
\FrameRule=\dimen182
\FrameSep=\dimen183
\c@cp@cntr=\count289
\c@ism@mctr=\count290
\c@xsm@mctr=\count291
\c@csm@mctr=\count292
\c@ksm@mctr=\count293
\c@xksm@mctr=\count294
\c@cksm@mctr=\count295
\c@msm@mctr=\count296
\c@xmsm@mctr=\count297
\c@cmsm@mctr=\count298
\c@bsm@mctr=\count299
\c@workm@mctr=\count300
\c@sheetsequence=\count301
\c@lastsheet=\count302
\c@lastpage=\count303

(C:/Users/Windows/AppData/Local/Programs/MiKTeX/tex/latex/textcase/textcase.sty
Package: textcase 2022/07/10 v1.03 Text only upper/lower case changing (DPC)
Package textcase Info: Defining Legacy names on input line 20.
)
\c@figure=\count304
\c@lofdepth=\count305
\cftbeforefigureskip=\skip183
\cftfigureindent=\skip184
\cftfigurenumwidth=\skip185
\c@table=\count306
\c@lotdepth=\count307
\cftbeforetableskip=\skip186
\cfttableindent=\skip187
\cfttablenumwidth=\skip188
Package abstract [2008/07/23] emulated by memoir.
Package appendix [2008/07/23] emulated by memoir.
Package booktabs [2016/05/16] emulated by memoir.
Package ccaption [2008/07/23] emulated by memoir.
Package changepage [2008/07/23] emulated by memoir.
Package chngcntr [2008/07/23] emulated by memoir.
Package chngpage [2008/07/23] emulated by memoir.
Package crop emulated by memoir.
Package enumerate [2008/07/23] emulated by memoir.
Package epigraph [2008/07/23] emulated by memoir.
Package ifmtarg [2008/07/23] emulated by memoir.
Package index [2008/07/23] emulated by memoir.
Package makeidx [2008/07/23] emulated by memoir.
Package moreverb [2008/07/23] emulated by memoir.
Package needspace [2008/07/23] emulated by memoir.
Package newfile [2008/07/23] emulated by memoir.
Package nextpage [2008/07/23] emulated by memoir.
Package pagenote [2008/07/23] emulated by memoir.
Package parskip [2008/07/23] emulated by memoir.
Package patchcmd [2008/07/23] emulated by memoir.
Package setspace [2008/07/23] emulated by memoir.
Package shortvrb [2008/07/23] emulated by memoir.
Package showidx [2008/07/23] emulated by memoir.
Package titleref [2008/07/23] emulated by memoir.
Package titling [2008/07/23] emulated by memoir.
Package tocbibind [2008/07/23] emulated by memoir.
Package tocloft [2008/07/23] emulated by memoir.
Package tocvsec2 [2008/07/23] emulated by memoir.
Package verbatim [2008/07/23] emulated by memoir.
Package verse [2008/07/23] emulated by memoir.
) (C:/Users/Windows/AppData/Local/Programs/MiKTeX/tex/generic/babel/babel.sty
Package: babel 2022/10/04 3.81 The Babel package

(C:/Users/Windows/AppData/Local/Programs/MiKTeX/tex/generic/babel/luababel.def
\bbl@readstream=\read3
\l@afrikaans=\language2
Package babel Info: Non-standard hyphenation setup on input line 118.
\l@ancientgreek=\language3
\l@armenian=\language4
\l@assamese=\language5
\l@basque=\language6
\l@belarusian=\language7
\l@bengali=\language8
\l@bokmal=\language9
\l@bulgarian=\language10
\l@catalan=\language11
\l@churchslavonic=\language12
\l@classiclatin=\language13
\l@coptic=\language14
\l@croatian=\language15
\l@czech=\language16
\l@danish=\language17
\l@dutch=\language18
\l@esperanto=\language19
\l@estonian=\language20
\l@ethiopic=\language21
\l@finnish=\language22
\l@french=\language23
\l@friulan=\language24
\l@galician=\language25
\l@georgian=\language26
\l@german=\language27
\l@greek=\language28
\l@gujarati=\language29
\l@hindi=\language30
\l@hungarian=\language31
\l@icelandic=\language32
\l@indonesian=\language33
\l@interlingua=\language34
\l@irish=\language35
\l@italian=\language36
\l@kannada=\language37
\l@kurmanji=\language38
\l@latin=\language39
\l@latvian=\language40
\l@lithuanian=\language41
\l@liturgicallatin=\language42
\l@macedonian=\language43
\l@malayalam=\language44
\l@marathi=\language45
\l@mongolian=\language46
\l@mongolianlmc=\language47
\l@monogreek=\language48
\l@ngerman=\language49
\l@nynorsk=\language50
\l@occitan=\language51
\l@oriya=\language52
\l@pali=\language53
\l@panjabi=\language54
\l@piedmontese=\language55
\l@polish=\language56
\l@portuguese=\language57
\l@romanian=\language58
\l@romansh=\language59
\l@russian=\language60
\l@sanskrit=\language61
\l@serbian=\language62
\l@serbianc=\language63
\l@slovak=\language64
\l@slovenian=\language65
\l@spanish=\language66
\l@swedish=\language67
\l@swissgerman=\language68
\l@tamil=\language69
\l@telugu=\language70
\l@thai=\language71
\l@turkish=\language72
\l@turkmen=\language73
\l@ukenglish=\language74
\l@ukrainian=\language75
\l@uppersorbian=\language76
\l@usenglishmax=\language77
\l@welsh=\language78
\babelcatcodetablenum=\catcodetable12
\bbl@pattcodes=\catcodetable13
)
\babel@savecnt=\count308
\U@D=\dimen184
\l@unhyphenated=\language79
(C:/Users/Windows/AppData/Local/Programs/MiKTeX/tex/generic/babel/luababel.def
\bbl@attr@locale=\attribute4
)
*************************************
* Local config file bblopts.cfg used
*
(C:/Users/Windows/AppData/Local/Programs/MiKTeX/tex/latex/arabi/bblopts.cfg
File: bblopts.cfg 2005/09/08 v0.1 add Arabic and Farsi to "declared" options of
 babel
)
(C:/Users/Windows/AppData/Local/Programs/MiKTeX/tex/latex/babel-portuges/brazil
ian.ldf
Language: portuges 2021/07/09 v1.2t Portuguese support from the babel system
Package babel Info: Hyphen rules for 'brazilian' set to \l@portuguese
(babel)             (\language57). Reported on input line 111.
Package babel Info: Making " an active character on input line 143.

(C:/Users/Windows/AppData/Local/Programs/MiKTeX/tex/generic/hyph-utf8/loadhyph/
loadhyph-pt.tex UTF-8 Portuguese hyphenation patterns
(C:/Users/Windows/AppData/Local/Programs/MiKTeX/tex/generic/hyph-utf8/patterns/
tex/hyph-pt.tex))))
(C:/Users/Windows/AppData/Local/Programs/MiKTeX/tex/generic/babel/locale/pt/bab
el-brazilian.tex
Package babel Info: Importing font and identification data for brazilian
(babel)             from babel-pt-BR.ini. Reported on input line 11.
)
(C:/Users/Windows/AppData/Local/Programs/MiKTeX/tex/latex/anyfontsize/anyfontsi
ze.sty
Package: anyfontsize 2007/11/22 anyfontsize.sty by pts
)
(C:/Users/Windows/AppData/Local/Programs/MiKTeX/tex/latex/relsize/relsize.sty
Package: relsize 2013/03/29 ver 4.1
)
(C:/Users/Windows/AppData/Local/Programs/MiKTeX/tex/latex/fontspec/fontspec.sty

(C:/Users/Windows/AppData/Local/Programs/MiKTeX/tex/latex/l3packages/xparse/xpa
rse.sty
(C:/Users/Windows/AppData/Local/Programs/MiKTeX/tex/latex/l3kernel/expl3.sty
Package: expl3 2022-09-28 L3 programming layer (loader) 

(C:/Users/Windows/AppData/Local/Programs/MiKTeX/tex/latex/l3backend/l3backend-l
uatex.def
File: l3backend-luatex.def 2022-09-28 L3 backend support: PDF output (LuaTeX)
\l__color_backend_stack_int=\count309
\l__pdf_internal_box=\box56
))
Package: xparse 2022-06-22 L3 Experimental document command parser
)
Package: fontspec 2022/01/15 v2.8a Font selection for XeLaTeX and LuaLaTeX
Lua module: fontspec 2022/01/15 2.8a Font selection for XeLaTeX and LuaLaTeX
(C:/Users/Windows/AppData/Local/Programs/MiKTeX/tex/latex/fontspec/fontspec-lua
tex.sty
Package: fontspec-luatex 2022/01/15 v2.8a Font selection for XeLaTeX and LuaLaT
eX
\l__fontspec_script_int=\count310
\l__fontspec_language_int=\count311
\l__fontspec_strnum_int=\count312
\l__fontspec_tmp_int=\count313
\l__fontspec_tmpa_int=\count314
\l__fontspec_tmpb_int=\count315
\l__fontspec_tmpc_int=\count316
\l__fontspec_em_int=\count317
\l__fontspec_emdef_int=\count318
\l__fontspec_strong_int=\count319
\l__fontspec_strongdef_int=\count320
\l__fontspec_tmpa_dim=\dimen185
\l__fontspec_tmpb_dim=\dimen186
\l__fontspec_tmpc_dim=\dimen187

(C:/Users/Windows/AppData/Local/Programs/MiKTeX/tex/latex/base/fontenc.sty
Package: fontenc 2021/04/29 v2.0v Standard LaTeX package
)
(C:/Users/Windows/AppData/Local/Programs/MiKTeX/tex/latex/fontspec/fontspec.cfg
))) (C:/Users/Windows/AppData/Local/Programs/MiKTeX/tex/latex/lineno/lineno.sty
Package: lineno 2023/01/19 line numbers on paragraphs v5.1
\linenopenalty=\count321
\output=\toks24
\linenoprevgraf=\count322
\linenumbersep=\dimen188
\linenumberwidth=\dimen189
\c@linenumber=\count323
\c@pagewiselinenumber=\count324
\c@LN@truepage=\count325
\c@internallinenumber=\count326
\c@internallinenumbers=\count327
\quotelinenumbersep=\dimen190
\bframerule=\dimen191
\bframesep=\dimen192
\bframebox=\box57
LaTeX Info: Redefining \\ on input line 3131.
) (C:/Users/Windows/AppData/Local/Programs/MiKTeX/tex/latex/lipsum/lipsum.sty
(C:/Users/Windows/AppData/Local/Programs/MiKTeX/tex/latex/l3packages/l3keys2e/l
3keys2e.sty
Package: l3keys2e 2022-06-22 LaTeX2e option processing using LaTeX3 keys
)
Package: lipsum 2021-09-20 v2.7 150 paragraphs of Lorem Ipsum dummy text
\g__lipsum_par_int=\count328
\l__lipsum_a_int=\count329
\l__lipsum_b_int=\count330

(C:/Users/Windows/AppData/Local/Programs/MiKTeX/tex/latex/lipsum/lipsum.ltd.tex
)) (C:/Users/Windows/AppData/Local/Programs/MiKTeX/tex/latex/base/alltt.sty
Package: alltt 2021/01/29 v2.0g defines alltt environment
)
(C:/Users/Windows/AppData/Local/Programs/MiKTeX/tex/latex/graphics/graphicx.sty
Package: graphicx 2021/09/16 v1.2d Enhanced LaTeX Graphics (DPC,SPQR)
(C:/Users/Windows/AppData/Local/Programs/MiKTeX/tex/latex/graphics/keyval.sty
Package: keyval 2022/05/29 v1.15 key=value parser (DPC)
\KV@toks@=\toks25
)
(C:/Users/Windows/AppData/Local/Programs/MiKTeX/tex/latex/graphics/graphics.sty
Package: graphics 2022/03/10 v1.4e Standard LaTeX Graphics (DPC,SPQR)
(C:/Users/Windows/AppData/Local/Programs/MiKTeX/tex/latex/graphics/trig.sty
Package: trig 2021/08/11 v1.11 sin cos tan (DPC)
)
(C:/Users/Windows/AppData/Local/Programs/MiKTeX/tex/latex/graphics-cfg/graphics
.cfg
File: graphics.cfg 2016/06/04 v1.11 sample graphics configuration
)
Package graphics Info: Driver file: luatex.def on input line 107.

(C:/Users/Windows/AppData/Local/Programs/MiKTeX/tex/latex/graphics-def/luatex.d
ef
File: luatex.def 2022/09/22 v1.2d Graphics/color driver for luatex
))
\Gin@req@height=\dimen193
\Gin@req@width=\dimen194
) (C:/Users/Windows/AppData/Local/Programs/MiKTeX/tex/latex/float/float.sty
Package: float 2001/11/08 v1.3d Float enhancements (AL)
\c@float@type=\count331
\float@exts=\toks26
\float@box=\box58
\@float@everytoks=\toks27
\@floatcapt=\box59
)
(C:/Users/Windows/AppData/Local/Programs/MiKTeX/tex/latex/lettrine/lettrine.sty
File: lettrine.sty 2022-09-25 v2.30 (Daniel Flipo)
(C:/Users/Windows/AppData/Local/Programs/MiKTeX/tex/latex/xkeyval/xkeyval.sty
Package: xkeyval 2022/06/16 v2.9 package option processing (HA)

(C:/Users/Windows/AppData/Local/Programs/MiKTeX/tex/generic/xkeyval/xkeyval.tex

(C:/Users/Windows/AppData/Local/Programs/MiKTeX/tex/generic/xkeyval/xkvutils.te
x
\XKV@toks=\toks28
\XKV@tempa@toks=\toks29
)
\XKV@depth=\count332
File: xkeyval.tex 2014/12/03 v2.7a key=value parser (HA)
))
(C:/Users/Windows/AppData/Local/Programs/MiKTeX/tex/generic/minifp/minifp.sty
Package: minifp 2013/12/30 v0.96. Macros for real number operations and a stack
-based programing language.
\MFP@loopctr=\count333
)
\c@DefaultLines=\count334
\c@DefaultDepth=\count335
\DefaultFindent=\dimen195
\DefaultNindent=\dimen196
\DefaultSlope=\dimen197
\DiscardVskip=\dimen198

Loading lettrine.cfg

(C:/Users/Windows/AppData/Local/Programs/MiKTeX/tex/latex/lettrine/lettrine.cfg
)
\L@lbox=\box60
\L@tbox=\box61
\c@L@lines=\count336
\c@L@depth=\count337
\L@Pindent=\dimen199
\L@Findent=\dimen256
\L@Nindent=\dimen257
\L@lraise=\dimen258
\L@first=\dimen259
\L@next=\dimen260
\L@slope=\dimen261
\L@height=\dimen262
\L@novskip=\dimen263
\L@target@ht=\dimen264
\L@target@dp=\dimen265
\L@target@tht=\dimen266
\LettrineWidth=\dimen267
\LettrineHeight=\dimen268
\LettrineDepth=\dimen269
\Llist@everypar=\toks30
)
(C:/Users/Windows/AppData/Local/Programs/MiKTeX/tex/latex/comment/comment.sty
\CommentStream=\write4

Excluding comment 'comment')
(C:/Users/Windows/AppData/Local/Programs/MiKTeX/tex/latex/adforn/adforn.sty
Package: adforn 2019/10/13 v1.1b adforn CFR

(C:/Users/Windows/AppData/Local/Programs/MiKTeX/tex/latex/psnfss/pifont.sty
Package: pifont 2020/03/25 PSNFSS-v9.3 Pi font support (SPQR) 
LaTeX Font Info:    Trying to load font information for U+pzd on input line 63.


(C:/Users/Windows/AppData/Local/Programs/MiKTeX/tex/latex/psnfss/upzd.fd
File: upzd.fd 2001/06/04 font definitions for U/pzd.
)
LaTeX Font Info:    Trying to load font information for U+psy on input line 64.


(C:/Users/Windows/AppData/Local/Programs/MiKTeX/tex/latex/psnfss/upsy.fd
File: upsy.fd 2001/06/04 font definitions for U/psy.
))
LaTeX Font Info:    Trying to load font information for U+OrnementsADF on input
 line 4.

(C:/Users/Windows/AppData/Local/Programs/MiKTeX/tex/latex/adforn/uornementsadf.
fd))
(C:/Users/Windows/AppData/Local/Programs/MiKTeX/tex/latex/xcolor/xcolor.sty
Package: xcolor 2022/06/12 v2.14 LaTeX color extensions (UK)

(C:/Users/Windows/AppData/Local/Programs/MiKTeX/tex/latex/graphics-cfg/color.cf
g
File: color.cfg 2016/01/02 v1.6 sample color configuration
)
Package xcolor Info: Driver file: luatex.def on input line 227.

(C:/Users/Windows/AppData/Local/Programs/MiKTeX/tex/latex/graphics/mathcolor.lt
x)
Package xcolor Info: Model `cmy' substituted by `cmy0' on input line 1353.
Package xcolor Info: Model `hsb' substituted by `rgb' on input line 1357.
Package xcolor Info: Model `RGB' extended on input line 1369.
Package xcolor Info: Model `HTML' substituted by `rgb' on input line 1371.
Package xcolor Info: Model `Hsb' substituted by `hsb' on input line 1372.
Package xcolor Info: Model `tHsb' substituted by `hsb' on input line 1373.
Package xcolor Info: Model `HSB' substituted by `hsb' on input line 1374.
Package xcolor Info: Model `Gray' substituted by `gray' on input line 1375.
Package xcolor Info: Model `wave' substituted by `hsb' on input line 1376.
)
(C:/Users/Windows/AppData/Local/Programs/MiKTeX/tex/latex/microtype/microtype.s
ty
Package: microtype 2023/03/13 v3.1a Micro-typographical refinements (RS)
\MT@toks=\toks31
\MT@tempbox=\box62
\MT@count=\count338
LaTeX Info: Redefining \noprotrusionifhmode on input line 1059.
LaTeX Info: Redefining \leftprotrusion on input line 1060.
\MT@prot@toks=\toks32
LaTeX Info: Redefining \rightprotrusion on input line 1078.
LaTeX Info: Redefining \textls on input line 1368.
\MT@outer@kern=\dimen270
LaTeX Info: Redefining \textmicrotypecontext on input line 1988.
\MT@listname@count=\count339

(C:/Users/Windows/AppData/Local/Programs/MiKTeX/tex/latex/microtype/microtype-l
uatex.def
File: microtype-luatex.def 2023/03/13 v3.1a Definitions specific to luatex (RS)

Lua module: microtype 2023/03/13 3.1a microtype module.
Module microtype Info: overwriting function `keepligature' on input line 63
LaTeX Info: Redefining \lsstyle on input line 688.
LaTeX Info: Redefining \lslig on input line 688.
\MT@outer@space=\skip189
)
Package microtype Info: Loading configuration file microtype.cfg.

(C:/Users/Windows/AppData/Local/Programs/MiKTeX/tex/latex/microtype/microtype.c
fg
File: microtype.cfg 2023/03/13 v3.1a microtype main configuration file (RS)
))
(C:/Users/Windows/AppData/Local/Programs/MiKTeX/tex/latex/enumitem/enumitem.sty
Package: enumitem 2019/06/20 v3.9 Customized lists
\labelindent=\skip190
\enit@outerparindent=\dimen271
\enit@toks=\toks33
\enit@inbox=\box63
\enit@count@id=\count340
\enitdp@description=\count341
) (C:/Users/Windows/AppData/Local/Programs/MiKTeX/tex/latex/url/url.sty
\Urlmuskip=\muskip16
Package: url 2013/09/16  ver 3.4  Verb mode for urls, etc.
)
(C:/Users/Windows/AppData/Local/Programs/MiKTeX/tex/latex/marginnote/marginnote
.sty
Package: marginnote 2018/08/09 v1.4b non floating margin notes for LaTeX
\c@mn@abspage=\count342
)
(C:/Users/Windows/AppData/Local/Programs/MiKTeX/tex/latex/titlesec/titlesec.sty
Package: titlesec 2021/07/05 v2.14 Sectioning titles
\ttl@box=\box64
\beforetitleunit=\skip191
\aftertitleunit=\skip192
\ttl@plus=\dimen272
\ttl@minus=\dimen273
\ttl@toksa=\toks34
\titlewidth=\dimen274
\titlewidthlast=\dimen275
\titlewidthfirst=\dimen276
) (./edlab-penalties.sty) (./edlab-git.sty) (./edlab-toc.sty)
(./edlab-extra.sty
\enitdp@boxlist=\count343
\c@escolhai=\count344
\enitdp@escolha=\count345

(C:/Users/Windows/AppData/Local/Programs/MiKTeX/tex/latex/tools/multicol.sty
Package: multicol 2021/11/30 v1.9d multicolumn formatting (FMi)
\c@tracingmulticols=\count346
\mult@box=\box65
\multicol@leftmargin=\dimen277
\c@unbalance=\count347
\c@collectmore=\count348
\doublecol@number=\count349
\multicoltolerance=\count350
\multicolpretolerance=\count351
\full@width=\dimen278
\page@free=\dimen279
\premulticols=\dimen280
\postmulticols=\dimen281
\multicolsep=\skip193
\multicolbaselineskip=\skip194
\partial@page=\box66
\last@line=\box67
\maxbalancingoverflow=\dimen282
\mult@rightbox=\box68
\mult@grightbox=\box69
\mult@firstbox=\box70
\mult@gfirstbox=\box71
\@tempa=\box72
\@tempa=\box73
\@tempa=\box74
\@tempa=\box75
\@tempa=\box76
\@tempa=\box77
\@tempa=\box78
\@tempa=\box79
\@tempa=\box80
\@tempa=\box81
\@tempa=\box82
\@tempa=\box83
\@tempa=\box84
\@tempa=\box85
\@tempa=\box86
\@tempa=\box87
\@tempa=\box88
\@tempa=\box89
\@tempa=\box90
\@tempa=\box91
\@tempa=\box92
\@tempa=\box93
\@tempa=\box94
\@tempa=\box95
\@tempa=\box96
\@tempa=\box97
\@tempa=\box98
\@tempa=\box99
\@tempa=\box100
\@tempa=\box101
\@tempa=\box102
\@tempa=\box103
\@tempa=\box104
\@tempa=\box105
\@tempa=\box106
\@tempa=\box107
\c@minrows=\count352
\c@columnbadness=\count353
\c@finalcolumnbadness=\count354
\last@try=\dimen283
\multicolovershoot=\dimen284
\multicolundershoot=\dimen285
\mult@nat@firstbox=\box108
\colbreak@box=\box109
\mc@col@check@num=\count355
))
(./edlab-margins.sty

Class memoir Warning: \marginparsep is zero or negative on input line 175.


******************************************************
Stock height and width: 1195.01575pt by 845.04684pt
Top and edge trims: 56.9055pt and 123.76949pt
Page height and width: 796.67715pt by 597.50787pt
Text height and width: 635.5pt by 426pt
Spine and edge margins: 99.58463pt and 71.13191pt
Upper and lower margins: 85.35826pt and 75.8189pt
Headheight and headsep: 51.21495pt and 19.8738pt
Footskip: 51.21495pt
Columnsep and columnseprule: 10pt and 0pt
Marginparsep and marginparwidth: 0pt and 106.69783pt
Sidecapsep and sidecapwidth: 7pt and 102pt
Sidebarhsep and sidebarwidth: 7pt and 102pt
Sidebarvsep and sidebartopsep: 14.5pt and 0pt
Sidebarheight: 546.64995pt
Sidefoothsep and sidefootwidth: 7pt and 102pt
Sidefootvsep and sidefootheight: 14.5pt and 546.64995pt
******************************************************

) (./edlab-sections.sty) (./edlab-footnotes.sty
(C:/Users/Windows/AppData/Local/Programs/MiKTeX/tex/latex/ncctools/manyfoot.sty
Package: manyfoot 2019/08/03 v1.11 Many Footnote Levels Package (NCC)

(C:/Users/Windows/AppData/Local/Programs/MiKTeX/tex/latex/ncctools/nccfoots.sty
Package: nccfoots 2005/02/03 v1.2 NCC Footnotes Package (NCC)
)
\MFL@columnwidth=\dimen286
\footglue=\skip195
)
(C:/Users/Windows/AppData/Local/Programs/MiKTeX/tex/latex/footmisc/footmisc.sty
Package: footmisc 2022/03/08 v6.0d a miscellany of footnote facilities
\FN@temptoken=\toks35
\footnotemargin=\dimen287
\@outputbox@depth=\dimen288
Package footmisc Info: Declaring symbol style bringhurst on input line 695.
Package footmisc Info: Declaring symbol style chicago on input line 703.
Package footmisc Info: Declaring symbol style wiley on input line 712.
Package footmisc Info: Declaring symbol style lamport-robust on input line 723.

Package footmisc Info: Declaring symbol style lamport* on input line 743.
Package footmisc Info: Declaring symbol style lamport*-robust on input line 764
.
))
(C:/Users/Windows/AppData/Local/Programs/MiKTeX/tex/latex/pdfpages/pdfpages.sty
Package: pdfpages 2022/12/19 v0.5x Insert pages of external PDF documents (AM)
(C:/Users/Windows/AppData/Local/Programs/MiKTeX/tex/latex/base/ifthen.sty
Package: ifthen 2022/04/13 v1.1d Standard LaTeX ifthen package (DPC)
)
(C:/Users/Windows/AppData/Local/Programs/MiKTeX/tex/latex/tools/calc.sty
Package: calc 2017/05/25 v4.3 Infix arithmetic (KKT,FJ)
\calc@Acount=\count356
\calc@Bcount=\count357
\calc@Adimen=\dimen289
\calc@Bdimen=\dimen290
\calc@Askip=\skip196
\calc@Bskip=\skip197
LaTeX Info: Redefining \setlength on input line 80.
LaTeX Info: Redefining \addtolength on input line 81.
\calc@Ccount=\count358
\calc@Cskip=\skip198
)
(C:/Users/Windows/AppData/Local/Programs/MiKTeX/tex/latex/eso-pic/eso-pic.sty
Package: eso-pic 2020/10/14 v3.0a eso-pic (RN)
\ESO@tempdima=\dimen291
\ESO@tempdimb=\dimen292
)
\AM@pagewidth=\dimen293
\AM@pageheight=\dimen294
\AM@fboxrule=\dimen295

(C:/Users/Windows/AppData/Local/Programs/MiKTeX/tex/latex/pdfpages/ppluatex.def
File: ppluatex.def 2022/12/19 v0.5x Pdfpages driver for LuaTeX (AM)
)
\pdfpages@includegraphics@status=\count359
\AM@pagebox=\box110
\AM@global@opts=\toks36
\AM@pagecnt=\count360
\AM@toc@title=\toks37
\AM@lof@heading=\toks38
\c@AM@survey=\count361
\AM@templatesizebox=\box111
)
(C:/Users/Windows/AppData/Local/Programs/MiKTeX/tex/latex/wrapfig/wrapfig.sty
\wrapoverhang=\dimen296
\WF@size=\dimen297
\c@WF@wrappedlines=\count362
\WF@box=\box112
\WF@everypar=\toks39
Package: wrapfig 2003/01/31  v 3.6
)
(C:/Users/Windows/AppData/Local/Programs/MiKTeX/tex/latex/tikzpagenodes/tikzpag
enodes.sty
Package: tikzpagenodes 2012/09/16 v1.1 Special PGF/TikZ nodes for areas of the 
page

(C:/Users/Windows/AppData/Local/Programs/MiKTeX/tex/latex/pgf/frontendlayer/tik
z.sty
(C:/Users/Windows/AppData/Local/Programs/MiKTeX/tex/latex/pgf/basiclayer/pgf.st
y
(C:/Users/Windows/AppData/Local/Programs/MiKTeX/tex/latex/pgf/utilities/pgfrcs.
sty
(C:/Users/Windows/AppData/Local/Programs/MiKTeX/tex/generic/pgf/utilities/pgfut
il-common.tex
\pgfutil@everybye=\toks40
\pgfutil@tempdima=\dimen298
\pgfutil@tempdimb=\dimen299

(C:/Users/Windows/AppData/Local/Programs/MiKTeX/tex/generic/pgf/utilities/pgfut
il-common-lists.tex))
(C:/Users/Windows/AppData/Local/Programs/MiKTeX/tex/generic/pgf/utilities/pgfut
il-latex.def
\pgfutil@abb=\box113
)
(C:/Users/Windows/AppData/Local/Programs/MiKTeX/tex/generic/pgf/utilities/pgfrc
s.code.tex
(C:/Users/Windows/AppData/Local/Programs/MiKTeX/tex/generic/pgf/pgf.revision.te
x)
Package: pgfrcs 2021/05/15 v3.1.9a (3.1.9a)
))
Package: pgf 2021/05/15 v3.1.9a (3.1.9a)

(C:/Users/Windows/AppData/Local/Programs/MiKTeX/tex/latex/pgf/basiclayer/pgfcor
e.sty
(C:/Users/Windows/AppData/Local/Programs/MiKTeX/tex/latex/pgf/systemlayer/pgfsy
s.sty
(C:/Users/Windows/AppData/Local/Programs/MiKTeX/tex/generic/pgf/systemlayer/pgf
sys.code.tex
Package: pgfsys 2021/05/15 v3.1.9a (3.1.9a)

(C:/Users/Windows/AppData/Local/Programs/MiKTeX/tex/generic/pgf/utilities/pgfke
ys.code.tex
\pgfkeys@pathtoks=\toks41
\pgfkeys@temptoks=\toks42

(C:/Users/Windows/AppData/Local/Programs/MiKTeX/tex/generic/pgf/utilities/pgfke
ysfiltered.code.tex
\pgfkeys@tmptoks=\toks43
))
\pgf@x=\dimen300
\pgf@y=\dimen301
\pgf@xa=\dimen302
\pgf@ya=\dimen303
\pgf@xb=\dimen304
\pgf@yb=\dimen305
\pgf@xc=\dimen306
\pgf@yc=\dimen307
\pgf@xd=\dimen308
\pgf@yd=\dimen309
\w@pgf@writea=\write5
\r@pgf@reada=\read4
\c@pgf@counta=\count363
\c@pgf@countb=\count364
\c@pgf@countc=\count365
\c@pgf@countd=\count366
\t@pgf@toka=\toks44
\t@pgf@tokb=\toks45
\t@pgf@tokc=\toks46
\pgf@sys@id@count=\count367

(C:/Users/Windows/AppData/Local/Programs/MiKTeX/tex/generic/pgf/systemlayer/pgf
.cfg
File: pgf.cfg 2021/05/15 v3.1.9a (3.1.9a)
)
Driver file for pgf: pgfsys-luatex.def

(C:/Users/Windows/AppData/Local/Programs/MiKTeX/tex/generic/pgf/systemlayer/pgf
sys-luatex.def
File: pgfsys-luatex.def 2021/05/15 v3.1.9a (3.1.9a)

(C:/Users/Windows/AppData/Local/Programs/MiKTeX/tex/generic/pgf/systemlayer/pgf
sys-common-pdf.def
File: pgfsys-common-pdf.def 2021/05/15 v3.1.9a (3.1.9a)
)))
(C:/Users/Windows/AppData/Local/Programs/MiKTeX/tex/generic/pgf/systemlayer/pgf
syssoftpath.code.tex
File: pgfsyssoftpath.code.tex 2021/05/15 v3.1.9a (3.1.9a)
\pgfsyssoftpath@smallbuffer@items=\count368
\pgfsyssoftpath@bigbuffer@items=\count369
)
(C:/Users/Windows/AppData/Local/Programs/MiKTeX/tex/generic/pgf/systemlayer/pgf
sysprotocol.code.tex
File: pgfsysprotocol.code.tex 2021/05/15 v3.1.9a (3.1.9a)
))
(C:/Users/Windows/AppData/Local/Programs/MiKTeX/tex/generic/pgf/basiclayer/pgfc
ore.code.tex
Package: pgfcore 2021/05/15 v3.1.9a (3.1.9a)

(C:/Users/Windows/AppData/Local/Programs/MiKTeX/tex/generic/pgf/math/pgfmath.co
de.tex
(C:/Users/Windows/AppData/Local/Programs/MiKTeX/tex/generic/pgf/math/pgfmathcal
c.code.tex
(C:/Users/Windows/AppData/Local/Programs/MiKTeX/tex/generic/pgf/math/pgfmathuti
l.code.tex)
(C:/Users/Windows/AppData/Local/Programs/MiKTeX/tex/generic/pgf/math/pgfmathpar
ser.code.tex
\pgfmath@dimen=\dimen310
\pgfmath@count=\count370
\pgfmath@box=\box114
\pgfmath@toks=\toks47
\pgfmath@stack@operand=\toks48
\pgfmath@stack@operation=\toks49
)
(C:/Users/Windows/AppData/Local/Programs/MiKTeX/tex/generic/pgf/math/pgfmathfun
ctions.code.tex
(C:/Users/Windows/AppData/Local/Programs/MiKTeX/tex/generic/pgf/math/pgfmathfun
ctions.basic.code.tex)
(C:/Users/Windows/AppData/Local/Programs/MiKTeX/tex/generic/pgf/math/pgfmathfun
ctions.trigonometric.code.tex)
(C:/Users/Windows/AppData/Local/Programs/MiKTeX/tex/generic/pgf/math/pgfmathfun
ctions.random.code.tex)
(C:/Users/Windows/AppData/Local/Programs/MiKTeX/tex/generic/pgf/math/pgfmathfun
ctions.comparison.code.tex)
(C:/Users/Windows/AppData/Local/Programs/MiKTeX/tex/generic/pgf/math/pgfmathfun
ctions.base.code.tex)
(C:/Users/Windows/AppData/Local/Programs/MiKTeX/tex/generic/pgf/math/pgfmathfun
ctions.round.code.tex)
(C:/Users/Windows/AppData/Local/Programs/MiKTeX/tex/generic/pgf/math/pgfmathfun
ctions.misc.code.tex)
(C:/Users/Windows/AppData/Local/Programs/MiKTeX/tex/generic/pgf/math/pgfmathfun
ctions.integerarithmetics.code.tex)))
(C:/Users/Windows/AppData/Local/Programs/MiKTeX/tex/generic/pgf/math/pgfmathflo
at.code.tex
\c@pgfmathroundto@lastzeros=\count371
))
(C:/Users/Windows/AppData/Local/Programs/MiKTeX/tex/generic/pgf/math/pgfint.cod
e.tex)
(C:/Users/Windows/AppData/Local/Programs/MiKTeX/tex/generic/pgf/basiclayer/pgfc
orepoints.code.tex
File: pgfcorepoints.code.tex 2021/05/15 v3.1.9a (3.1.9a)
\pgf@picminx=\dimen311
\pgf@picmaxx=\dimen312
\pgf@picminy=\dimen313
\pgf@picmaxy=\dimen314
\pgf@pathminx=\dimen315
\pgf@pathmaxx=\dimen316
\pgf@pathminy=\dimen317
\pgf@pathmaxy=\dimen318
\pgf@xx=\dimen319
\pgf@xy=\dimen320
\pgf@yx=\dimen321
\pgf@yy=\dimen322
\pgf@zx=\dimen323
\pgf@zy=\dimen324
)
(C:/Users/Windows/AppData/Local/Programs/MiKTeX/tex/generic/pgf/basiclayer/pgfc
orepathconstruct.code.tex
File: pgfcorepathconstruct.code.tex 2021/05/15 v3.1.9a (3.1.9a)
\pgf@path@lastx=\dimen325
\pgf@path@lasty=\dimen326
)
(C:/Users/Windows/AppData/Local/Programs/MiKTeX/tex/generic/pgf/basiclayer/pgfc
orepathusage.code.tex
File: pgfcorepathusage.code.tex 2021/05/15 v3.1.9a (3.1.9a)
\pgf@shorten@end@additional=\dimen327
\pgf@shorten@start@additional=\dimen328
)
(C:/Users/Windows/AppData/Local/Programs/MiKTeX/tex/generic/pgf/basiclayer/pgfc
orescopes.code.tex
File: pgfcorescopes.code.tex 2021/05/15 v3.1.9a (3.1.9a)
\pgfpic=\box115
\pgf@hbox=\box116
\pgf@layerbox@main=\box117
\pgf@picture@serial@count=\count372
)
(C:/Users/Windows/AppData/Local/Programs/MiKTeX/tex/generic/pgf/basiclayer/pgfc
oregraphicstate.code.tex
File: pgfcoregraphicstate.code.tex 2021/05/15 v3.1.9a (3.1.9a)
\pgflinewidth=\dimen329
)
(C:/Users/Windows/AppData/Local/Programs/MiKTeX/tex/generic/pgf/basiclayer/pgfc
oretransformations.code.tex
File: pgfcoretransformations.code.tex 2021/05/15 v3.1.9a (3.1.9a)
\pgf@pt@x=\dimen330
\pgf@pt@y=\dimen331
\pgf@pt@temp=\dimen332
)
(C:/Users/Windows/AppData/Local/Programs/MiKTeX/tex/generic/pgf/basiclayer/pgfc
orequick.code.tex
File: pgfcorequick.code.tex 2021/05/15 v3.1.9a (3.1.9a)
)
(C:/Users/Windows/AppData/Local/Programs/MiKTeX/tex/generic/pgf/basiclayer/pgfc
oreobjects.code.tex
File: pgfcoreobjects.code.tex 2021/05/15 v3.1.9a (3.1.9a)
)
(C:/Users/Windows/AppData/Local/Programs/MiKTeX/tex/generic/pgf/basiclayer/pgfc
orepathprocessing.code.tex
File: pgfcorepathprocessing.code.tex 2021/05/15 v3.1.9a (3.1.9a)
)
(C:/Users/Windows/AppData/Local/Programs/MiKTeX/tex/generic/pgf/basiclayer/pgfc
orearrows.code.tex
File: pgfcorearrows.code.tex 2021/05/15 v3.1.9a (3.1.9a)
\pgfarrowsep=\dimen333
)
(C:/Users/Windows/AppData/Local/Programs/MiKTeX/tex/generic/pgf/basiclayer/pgfc
oreshade.code.tex
File: pgfcoreshade.code.tex 2021/05/15 v3.1.9a (3.1.9a)
\pgf@max=\dimen334
\pgf@sys@shading@range@num=\count373
\pgf@shadingcount=\count374
)
(C:/Users/Windows/AppData/Local/Programs/MiKTeX/tex/generic/pgf/basiclayer/pgfc
oreimage.code.tex
File: pgfcoreimage.code.tex 2021/05/15 v3.1.9a (3.1.9a)

(C:/Users/Windows/AppData/Local/Programs/MiKTeX/tex/generic/pgf/basiclayer/pgfc
oreexternal.code.tex
File: pgfcoreexternal.code.tex 2021/05/15 v3.1.9a (3.1.9a)
\pgfexternal@startupbox=\box118
))
(C:/Users/Windows/AppData/Local/Programs/MiKTeX/tex/generic/pgf/basiclayer/pgfc
orelayers.code.tex
File: pgfcorelayers.code.tex 2021/05/15 v3.1.9a (3.1.9a)
)
(C:/Users/Windows/AppData/Local/Programs/MiKTeX/tex/generic/pgf/basiclayer/pgfc
oretransparency.code.tex
File: pgfcoretransparency.code.tex 2021/05/15 v3.1.9a (3.1.9a)
)
(C:/Users/Windows/AppData/Local/Programs/MiKTeX/tex/generic/pgf/basiclayer/pgfc
orepatterns.code.tex
File: pgfcorepatterns.code.tex 2021/05/15 v3.1.9a (3.1.9a)
)
(C:/Users/Windows/AppData/Local/Programs/MiKTeX/tex/generic/pgf/basiclayer/pgfc
orerdf.code.tex
File: pgfcorerdf.code.tex 2021/05/15 v3.1.9a (3.1.9a)
)))
(C:/Users/Windows/AppData/Local/Programs/MiKTeX/tex/generic/pgf/modules/pgfmodu
leshapes.code.tex
File: pgfmoduleshapes.code.tex 2021/05/15 v3.1.9a (3.1.9a)
\pgfnodeparttextbox=\box119
)
(C:/Users/Windows/AppData/Local/Programs/MiKTeX/tex/generic/pgf/modules/pgfmodu
leplot.code.tex
File: pgfmoduleplot.code.tex 2021/05/15 v3.1.9a (3.1.9a)
)
(C:/Users/Windows/AppData/Local/Programs/MiKTeX/tex/latex/pgf/compatibility/pgf
comp-version-0-65.sty
Package: pgfcomp-version-0-65 2021/05/15 v3.1.9a (3.1.9a)
\pgf@nodesepstart=\dimen335
\pgf@nodesepend=\dimen336
)
(C:/Users/Windows/AppData/Local/Programs/MiKTeX/tex/latex/pgf/compatibility/pgf
comp-version-1-18.sty
Package: pgfcomp-version-1-18 2021/05/15 v3.1.9a (3.1.9a)
))
(C:/Users/Windows/AppData/Local/Programs/MiKTeX/tex/latex/pgf/utilities/pgffor.
sty
(C:/Users/Windows/AppData/Local/Programs/MiKTeX/tex/latex/pgf/utilities/pgfkeys
.sty
(C:/Users/Windows/AppData/Local/Programs/MiKTeX/tex/generic/pgf/utilities/pgfke
ys.code.tex))
(C:/Users/Windows/AppData/Local/Programs/MiKTeX/tex/latex/pgf/math/pgfmath.sty
(C:/Users/Windows/AppData/Local/Programs/MiKTeX/tex/generic/pgf/math/pgfmath.co
de.tex))
(C:/Users/Windows/AppData/Local/Programs/MiKTeX/tex/generic/pgf/utilities/pgffo
r.code.tex
Package: pgffor 2021/05/15 v3.1.9a (3.1.9a)

(C:/Users/Windows/AppData/Local/Programs/MiKTeX/tex/generic/pgf/math/pgfmath.co
de.tex)
\pgffor@iter=\dimen337
\pgffor@skip=\dimen338
\pgffor@stack=\toks50
\pgffor@toks=\toks51
))
(C:/Users/Windows/AppData/Local/Programs/MiKTeX/tex/generic/pgf/frontendlayer/t
ikz/tikz.code.tex
Package: tikz 2021/05/15 v3.1.9a (3.1.9a)

(C:/Users/Windows/AppData/Local/Programs/MiKTeX/tex/generic/pgf/libraries/pgfli
braryplothandlers.code.tex
File: pgflibraryplothandlers.code.tex 2021/05/15 v3.1.9a (3.1.9a)
\pgf@plot@mark@count=\count375
\pgfplotmarksize=\dimen339
)
\tikz@lastx=\dimen340
\tikz@lasty=\dimen341
\tikz@lastxsaved=\dimen342
\tikz@lastysaved=\dimen343
\tikz@lastmovetox=\dimen344
\tikz@lastmovetoy=\dimen345
\tikzleveldistance=\dimen346
\tikzsiblingdistance=\dimen347
\tikz@figbox=\box120
\tikz@figbox@bg=\box121
\tikz@tempbox=\box122
\tikz@tempbox@bg=\box123
\tikztreelevel=\count376
\tikznumberofchildren=\count377
\tikznumberofcurrentchild=\count378
\tikz@fig@count=\count379

(C:/Users/Windows/AppData/Local/Programs/MiKTeX/tex/generic/pgf/modules/pgfmodu
lematrix.code.tex
File: pgfmodulematrix.code.tex 2021/05/15 v3.1.9a (3.1.9a)
\pgfmatrixcurrentrow=\count380
\pgfmatrixcurrentcolumn=\count381
\pgf@matrix@numberofcolumns=\count382
)
\tikz@expandcount=\count383

(C:/Users/Windows/AppData/Local/Programs/MiKTeX/tex/generic/pgf/frontendlayer/t
ikz/libraries/tikzlibrarytopaths.code.tex
File: tikzlibrarytopaths.code.tex 2021/05/15 v3.1.9a (3.1.9a)
)))
(C:/Users/Windows/AppData/Local/Programs/MiKTeX/tex/latex/ifoddpage/ifoddpage.s
ty
Package: ifoddpage 2022/10/18 v1.2 Conditionals for odd/even page detection
\c@checkoddpage=\count384
LaTeX Info: Redefining \checkoddpage on input line 45.
))
(C:/Users/Windows/AppData/Local/Programs/MiKTeX/tex/latex/textpos/textpos.sty
Package: textpos 2022/07/23 v1.10.1
Package textpos Info: choosing support for LaTeX3 on input line 60.
\TP@textbox=\box124
\TPHorizModule=\dimen348
\TPVertModule=\dimen349
\TP@margin=\dimen350
\TP@absmargin=\dimen351

Grid set 16 x 16 = 37.34424pt x 49.79231pt
\TPboxrulesize=\dimen352
\TP@tbargs=\toks52
)
(C:/Users/Windows/AppData/Local/Programs/MiKTeX/tex/latex/mdframed/mdframed.sty
Package: mdframed 2013/07/01 1.9b: mdframed

(C:/Users/Windows/AppData/Local/Programs/MiKTeX/tex/latex/kvoptions/kvoptions.s
ty
Package: kvoptions 2022-06-15 v3.15 Key value format for package options (HO)

(C:/Users/Windows/AppData/Local/Programs/MiKTeX/tex/generic/ltxcmds/ltxcmds.sty
Package: ltxcmds 2020-05-10 v1.25 LaTeX kernel commands for general use (HO)
)
(C:/Users/Windows/AppData/Local/Programs/MiKTeX/tex/latex/kvsetkeys/kvsetkeys.s
ty
Package: kvsetkeys 2022-10-05 v1.19 Key value parser (HO)
))
(C:/Users/Windows/AppData/Local/Programs/MiKTeX/tex/latex/zref/zref-abspage.sty
Package: zref-abspage 2022-04-07 v2.34 Module abspage for zref (HO)
(C:/Users/Windows/AppData/Local/Programs/MiKTeX/tex/latex/zref/zref-base.sty
Package: zref-base 2022-04-07 v2.34 Module base for zref (HO)

(C:/Users/Windows/AppData/Local/Programs/MiKTeX/tex/generic/infwarerr/infwarerr
.sty
Package: infwarerr 2019/12/03 v1.5 Providing info/warning/error messages (HO)
)
(C:/Users/Windows/AppData/Local/Programs/MiKTeX/tex/generic/kvdefinekeys/kvdefi
nekeys.sty
Package: kvdefinekeys 2019-12-19 v1.6 Define keys (HO)
)
(C:/Users/Windows/AppData/Local/Programs/MiKTeX/tex/generic/pdftexcmds/pdftexcm
ds.sty
Package: pdftexcmds 2020-06-27 v0.33 Utility functions of pdfTeX for LuaTeX (HO
)
Package pdftexcmds Info: \pdf@primitive is available.
Package pdftexcmds Info: \pdf@ifprimitive is available.
Package pdftexcmds Info: \pdfdraftmode found.
\pdftexcmds@toks=\toks53
)
(C:/Users/Windows/AppData/Local/Programs/MiKTeX/tex/generic/etexcmds/etexcmds.s
ty
Package: etexcmds 2019/12/15 v1.7 Avoid name clashes with e-TeX commands (HO)
)
(C:/Users/Windows/AppData/Local/Programs/MiKTeX/tex/latex/auxhook/auxhook.sty
Package: auxhook 2019-12-17 v1.6 Hooks for auxiliary files (HO)
)
Package zref Info: New property list: main on input line 767.
Package zref Info: New property: default on input line 768.
Package zref Info: New property: page on input line 769.
)
(C:/Users/Windows/AppData/Local/Programs/MiKTeX/tex/latex/base/atbegshi-ltx.sty
Package: atbegshi-ltx 2021/01/10 v1.0c Emulation of the original atbegshi
package with kernel methods
)
\c@abspage=\count385
Package zref Info: New property: abspage on input line 65.
)
\mdf@templength=\skip199
\c@mdf@globalstyle@cnt=\count386
\mdf@skipabove@length=\skip256
\mdf@skipbelow@length=\skip257
\mdf@leftmargin@length=\skip258
\mdf@rightmargin@length=\skip259
\mdf@innerleftmargin@length=\skip260
\mdf@innerrightmargin@length=\skip261
\mdf@innertopmargin@length=\skip262
\mdf@innerbottommargin@length=\skip263
\mdf@splittopskip@length=\skip264
\mdf@splitbottomskip@length=\skip265
\mdf@outermargin@length=\skip266
\mdf@innermargin@length=\skip267
\mdf@linewidth@length=\skip268
\mdf@innerlinewidth@length=\skip269
\mdf@middlelinewidth@length=\skip270
\mdf@outerlinewidth@length=\skip271
\mdf@roundcorner@length=\skip272
\mdf@footenotedistance@length=\skip273
\mdf@userdefinedwidth@length=\skip274
\mdf@needspace@length=\skip275
\mdf@frametitleaboveskip@length=\skip276
\mdf@frametitlebelowskip@length=\skip277
\mdf@frametitlerulewidth@length=\skip278
\mdf@frametitleleftmargin@length=\skip279
\mdf@frametitlerightmargin@length=\skip280
\mdf@shadowsize@length=\skip281
\mdf@extratopheight@length=\skip282
\mdf@subtitleabovelinewidth@length=\skip283
\mdf@subtitlebelowlinewidth@length=\skip284
\mdf@subtitleaboveskip@length=\skip285
\mdf@subtitlebelowskip@length=\skip286
\mdf@subtitleinneraboveskip@length=\skip287
\mdf@subtitleinnerbelowskip@length=\skip288
\mdf@subsubtitleabovelinewidth@length=\skip289
\mdf@subsubtitlebelowlinewidth@length=\skip290
\mdf@subsubtitleaboveskip@length=\skip291
\mdf@subsubtitlebelowskip@length=\skip292
\mdf@subsubtitleinneraboveskip@length=\skip293
\mdf@subsubtitleinnerbelowskip@length=\skip294

(C:/Users/Windows/AppData/Local/Programs/MiKTeX/tex/latex/mdframed/md-frame-0.m
df
File: md-frame-0.mdf 2013/07/01\ 1.9b: md-frame-0
)
\mdf@frametitlebox=\box125
\mdf@footnotebox=\box126
\mdf@splitbox@one=\box127
\mdf@splitbox@two=\box128
\mdf@splitbox@save=\box129
\mdfsplitboxwidth=\skip295
\mdfsplitboxtotalwidth=\skip296
\mdfsplitboxheight=\skip297
\mdfsplitboxdepth=\skip298
\mdfsplitboxtotalheight=\skip299
\mdfframetitleboxwidth=\skip300
\mdfframetitleboxtotalwidth=\skip301
\mdfframetitleboxheight=\skip302
\mdfframetitleboxdepth=\skip303
\mdfframetitleboxtotalheight=\skip304
\mdffootnoteboxwidth=\skip305
\mdffootnoteboxtotalwidth=\skip306
\mdffootnoteboxheight=\skip307
\mdffootnoteboxdepth=\skip308
\mdffootnoteboxtotalheight=\skip309
\mdftotallinewidth=\skip310
\mdfboundingboxwidth=\skip311
\mdfboundingboxtotalwidth=\skip312
\mdfboundingboxheight=\skip313
\mdfboundingboxdepth=\skip314
\mdfboundingboxtotalheight=\skip315
\mdf@freevspace@length=\skip316
\mdf@horizontalwidthofbox@length=\skip317
\mdf@verticalmarginwhole@length=\skip318
\mdf@horizontalspaceofbox=\skip319
\mdfsubtitleheight=\skip320
\mdfsubsubtitleheight=\skip321
\c@mdfcountframes=\count387

****** mdframed patching \endmdf@trivlist

****** -- success******

\mdf@envdepth=\count388
\c@mdf@env@i=\count389
\c@mdf@env@ii=\count390
\c@mdf@zref@counter=\count391
Package zref Info: New property: mdf@pagevalue on input line 895.
)
(C:/Users/Windows/AppData/Local/Programs/MiKTeX/tex/latex/adjustbox/adjustbox.s
ty
Package: adjustbox 2022/10/17 v1.3a Adjusting TeX boxes (trim, clip, ...)

(C:/Users/Windows/AppData/Local/Programs/MiKTeX/tex/latex/adjustbox/adjcalc.sty
Package: adjcalc 2012/05/16 v1.1 Provides advanced setlength with multiple back
-ends (calc, etex, pgfmath)
)
(C:/Users/Windows/AppData/Local/Programs/MiKTeX/tex/latex/adjustbox/trimclip.st
y
Package: trimclip 2020/08/19 v1.2 Trim and clip general TeX material

(C:/Users/Windows/AppData/Local/Programs/MiKTeX/tex/latex/collectbox/collectbox
.sty
Package: collectbox 2022/10/17 v0.4c Collect macro arguments as boxes
\collectedbox=\box130
)
\tc@llx=\dimen353
\tc@lly=\dimen354
\tc@urx=\dimen355
\tc@ury=\dimen356

(C:/Users/Windows/AppData/Local/Programs/MiKTeX/tex/latex/adjustbox/tc-pgf.def
File: tc-pgf.def 2019/01/04 v2.2 trimclip fall-back clipping driver using PGF
)
Package trimclip Info: No clipping driver 'tc-luatex.def' available.
(trimclip)             Using fall-back PGF driver.
)
\adjbox@Width=\dimen357
\adjbox@Height=\dimen358
\adjbox@Depth=\dimen359
\adjbox@Totalheight=\dimen360
\adjbox@pwidth=\dimen361
\adjbox@pheight=\dimen362
\adjbox@pdepth=\dimen363
\adjbox@ptotalheight=\dimen364

(C:/Users/Windows/AppData/Local/Programs/MiKTeX/tex/latex/varwidth/varwidth.sty
Package: varwidth 2009/03/30 ver 0.92;  Variable-width minipages
\@vwid@box=\box131
\sift@deathcycles=\count392
\@vwid@loff=\dimen365
\@vwid@roff=\dimen366
))
luaotfload | cache : Lookup cache loaded from C:/Users/Windows/AppData/Local/MiK
TeX/luatex-cache/generic/names/luaotfload-lookup-cache.luc.

Package fontspec Info: Could not resolve font "Gotham-Black/BI" (it probably
(fontspec)             doesn't exist).


Package fontspec Info: Could not resolve font "Gotham-Black/B" (it probably
(fontspec)             doesn't exist).


Package fontspec Info: Could not resolve font "Gotham-Black/I" (it probably
(fontspec)             doesn't exist).

luaotfload | aux : font no 25 (nil) does not define feature smcp for script latn
 with language dflt

Package fontspec Info: Font family 'Gotham-Black(0)' created for font
(fontspec)             'Gotham-Black' with options [].
(fontspec)              
(fontspec)              This font family consists of the following NFSS
(fontspec)             series/shapes:
(fontspec)              
(fontspec)             - 'normal' (m/n) with NFSS spec.:
(fontspec)             <->"Gotham-Black:mode=node;script=latn;language=dflt;"
(fontspec)             - 'small caps'  (m/sc) with NFSS spec.: 


Package fontspec Info: Could not resolve font "cambria/BI" (it probably
(fontspec)             doesn't exist).


Package fontspec Info: Could not resolve font "cambria/B" (it probably doesn't
(fontspec)             exist).


Package fontspec Info: Font family 'cambria(0)' created for font 'cambria'
(fontspec)             with options [].
(fontspec)              
(fontspec)              This font family consists of the following NFSS
(fontspec)             series/shapes:
(fontspec)              
(fontspec)             - 'normal' (m/n) with NFSS spec.:
(fontspec)             <->"cambria:mode=node;script=latn;language=dflt;"
(fontspec)             - 'small caps'  (m/sc) with NFSS spec.:
(fontspec)             <->"cambria:mode=node;script=latn;language=dflt;+smcp;"
(fontspec)             - 'italic' (m/it) with NFSS spec.:
(fontspec)             <->"cambria/I:mode=node;script=latn;language=dflt;"
(fontspec)             - 'italic small caps'  (m/scit) with NFSS spec.:
(fontspec)             <->"cambria/I:mode=node;script=latn;language=dflt;+smcp;
"


Package fontspec Info: Font family 'MinionPro(0)' created for font 'Minion
(fontspec)             Pro' with options
(fontspec)             [Ligatures=TeX,Ligatures=TeX,Numbers=OldStyle].
(fontspec)              
(fontspec)              This font family consists of the following NFSS
(fontspec)             series/shapes:
(fontspec)              
(fontspec)             - 'normal' (m/n) with NFSS spec.:
(fontspec)             <->"MinionPro:mode=node;script=latn;language=dflt;+tlig;
+onum;"
(fontspec)             - 'small caps'  (m/sc) with NFSS spec.:
(fontspec)             <->"MinionPro:mode=node;script=latn;language=dflt;+tlig;
+onum;+smcp;"
(fontspec)             - 'bold' (b/n) with NFSS spec.:
(fontspec)             <->"MinionPro/B:mode=node;script=latn;language=dflt;+tli
g;+onum;"
(fontspec)             - 'bold small caps'  (b/sc) with NFSS spec.:
(fontspec)             <->"MinionPro/B:mode=node;script=latn;language=dflt;+tli
g;+onum;+smcp;"
(fontspec)             - 'italic' (m/it) with NFSS spec.:
(fontspec)             <->"MinionPro/I:mode=node;script=latn;language=dflt;+tli
g;+onum;"
(fontspec)             - 'italic small caps'  (m/scit) with NFSS spec.:
(fontspec)             <->"MinionPro/I:mode=node;script=latn;language=dflt;+tli
g;+onum;+smcp;"
(fontspec)             - 'bold italic' (b/it) with NFSS spec.:
(fontspec)             <->"MinionPro/BI:mode=node;script=latn;language=dflt;+tl
ig;+onum;"
(fontspec)             - 'bold italic small caps'  (b/scit) with NFSS spec.:
(fontspec)             <->"MinionPro/BI:mode=node;script=latn;language=dflt;+tl
ig;+onum;+smcp;"

 (./LIVRO.aux (./INPUTS.aux))
\openout1 = LIVRO.aux

LaTeX Font Info:    Checking defaults for OML/cmm/m/it on input line 140.
LaTeX Font Info:    ... okay on input line 140.
LaTeX Font Info:    Checking defaults for OMS/cmsy/m/n on input line 140.
LaTeX Font Info:    ... okay on input line 140.
LaTeX Font Info:    Checking defaults for OT1/cmr/m/n on input line 140.
LaTeX Font Info:    ... okay on input line 140.
LaTeX Font Info:    Checking defaults for T1/cmr/m/n on input line 140.
LaTeX Font Info:    ... okay on input line 140.
LaTeX Font Info:    Checking defaults for TS1/cmr/m/n on input line 140.
LaTeX Font Info:    Trying to load font information for TS1+cmr on input line 1
40.

(C:/Users/Windows/AppData/Local/Programs/MiKTeX/tex/latex/base/ts1cmr.fd
File: ts1cmr.fd 2019/12/16 v2.5j Standard LaTeX font definitions
)
LaTeX Font Info:    ... okay on input line 140.
LaTeX Font Info:    Checking defaults for TU/lmr/m/n on input line 140.
LaTeX Font Info:    ... okay on input line 140.
LaTeX Font Info:    Checking defaults for OMX/cmex/m/n on input line 140.
LaTeX Font Info:    ... okay on input line 140.
LaTeX Font Info:    Checking defaults for U/cmr/m/n on input line 140.
LaTeX Font Info:    ... okay on input line 140.

Package fontspec Info: Adjusting the maths setup (use [no-math] to avoid
(fontspec)             this).

\symlegacymaths=\mathgroup4
LaTeX Font Info:    Overwriting symbol font `legacymaths' in version `bold'
(Font)                  OT1/cmr/m/n --> OT1/cmr/bx/n on input line 140.
LaTeX Font Info:    Redeclaring math accent \acute on input line 140.
LaTeX Font Info:    Redeclaring math accent \grave on input line 140.
LaTeX Font Info:    Redeclaring math accent \ddot on input line 140.
LaTeX Font Info:    Redeclaring math accent \tilde on input line 140.
LaTeX Font Info:    Redeclaring math accent \bar on input line 140.
LaTeX Font Info:    Redeclaring math accent \breve on input line 140.
LaTeX Font Info:    Redeclaring math accent \check on input line 140.
LaTeX Font Info:    Redeclaring math accent \hat on input line 140.
LaTeX Font Info:    Redeclaring math accent \dot on input line 140.
LaTeX Font Info:    Redeclaring math accent \mathring on input line 140.
LaTeX Font Info:    Redeclaring math symbol \colon on input line 140.
LaTeX Font Info:    Redeclaring math symbol \Gamma on input line 140.
LaTeX Font Info:    Redeclaring math symbol \Delta on input line 140.
LaTeX Font Info:    Redeclaring math symbol \Theta on input line 140.
LaTeX Font Info:    Redeclaring math symbol \Lambda on input line 140.
LaTeX Font Info:    Redeclaring math symbol \Xi on input line 140.
LaTeX Font Info:    Redeclaring math symbol \Pi on input line 140.
LaTeX Font Info:    Redeclaring math symbol \Sigma on input line 140.
LaTeX Font Info:    Redeclaring math symbol \Upsilon on input line 140.
LaTeX Font Info:    Redeclaring math symbol \Phi on input line 140.
LaTeX Font Info:    Redeclaring math symbol \Psi on input line 140.
LaTeX Font Info:    Redeclaring math symbol \Omega on input line 140.
LaTeX Font Info:    Redeclaring math symbol \mathdollar on input line 140.
LaTeX Font Info:    Redeclaring symbol font `operators' on input line 140.
LaTeX Font Info:    Encoding `OT1' has changed to `TU' for symbol font
(Font)              `operators' in the math version `normal' on input line 140.

LaTeX Font Info:    Overwriting symbol font `operators' in version `normal'
(Font)                  OT1/cmr/m/n --> TU/MinionPro(0)/m/n on input line 140.
LaTeX Font Info:    Encoding `OT1' has changed to `TU' for symbol font
(Font)              `operators' in the math version `bold' on input line 140.
LaTeX Font Info:    Overwriting symbol font `operators' in version `bold'
(Font)                  OT1/cmr/bx/n --> TU/MinionPro(0)/m/n on input line 140.

LaTeX Font Info:    Overwriting symbol font `operators' in version `normal'
(Font)                  TU/MinionPro(0)/m/n --> TU/MinionPro(0)/m/n on input li
ne 140.
LaTeX Font Info:    Overwriting math alphabet `\mathit' in version `normal'
(Font)                  OT1/cmr/m/it --> TU/MinionPro(0)/m/it on input line 140
.
LaTeX Font Info:    Overwriting math alphabet `\mathbf' in version `normal'
(Font)                  OT1/cmr/bx/n --> TU/MinionPro(0)/b/n on input line 140.

LaTeX Font Info:    Overwriting math alphabet `\mathsf' in version `normal'
(Font)                  OT1/cmss/m/n --> TU/lmss/m/n on input line 140.
LaTeX Font Info:    Overwriting math alphabet `\mathtt' in version `normal'
(Font)                  OT1/cmtt/m/n --> TU/lmtt/m/n on input line 140.
LaTeX Font Info:    Overwriting symbol font `operators' in version `bold'
(Font)                  TU/MinionPro(0)/m/n --> TU/MinionPro(0)/b/n on input li
ne 140.
LaTeX Font Info:    Overwriting math alphabet `\mathit' in version `bold'
(Font)                  OT1/cmr/bx/it --> TU/MinionPro(0)/b/it on input line 14
0.
LaTeX Font Info:    Overwriting math alphabet `\mathsf' in version `bold'
(Font)                  OT1/cmss/bx/n --> TU/lmss/b/n on input line 140.
LaTeX Font Info:    Overwriting math alphabet `\mathtt' in version `bold'
(Font)                  OT1/cmtt/m/n --> TU/lmtt/b/n on input line 140.

(C:/Users/Windows/AppData/Local/Programs/MiKTeX/tex/context/base/mkii/supp-pdf.
mkii
[Loading MPS to PDF converter (version 2006.09.02).]
\scratchcounter=\count393
\scratchdimen=\dimen367
\scratchbox=\box132
\nofMPsegments=\count394
\nofMParguments=\count395
\everyMPshowfont=\toks54
\MPscratchCnt=\count396
\MPscratchDim=\dimen368
\MPnumerator=\count397
\makeMPintoPDFobject=\count398
\everyMPtoPDFconversion=\toks55
)
(C:/Users/Windows/AppData/Local/Programs/MiKTeX/tex/latex/epstopdf-pkg/epstopdf
-base.sty
Package: epstopdf-base 2020-01-24 v2.11 Base part for package epstopdf
Package epstopdf-base Info: Redefining graphics rule for `.eps' on input line 4
85.

(C:/Users/Windows/AppData/Local/Programs/MiKTeX/tex/latex/00miktex/epstopdf-sys
.cfg
File: epstopdf-sys.cfg 2021/03/18 v2.0 Configuration of epstopdf for MiKTeX
))
LaTeX Info: Redefining \microtypecontext on input line 140.
Package microtype Info: Applying patch `item' on input line 140.
Package microtype Info: Applying patch `toc' on input line 140.
Package microtype Info: Applying patch `eqnum' on input line 140.


Package microtype Warning: Unable to apply patch `footnote' on input line 140.

Package microtype Info: Applying patch `verbatim' on input line 140.
Package microtype Info: Generating PDF output.
Package microtype Info: Character protrusion enabled (level 2).
Package microtype Info: Using default protrusion set `alltext'.
Package microtype Info: Automatic font expansion enabled (level 2),
(microtype)             stretch: 20, shrink: 20, step: 1, non-selected.
Package microtype Info: Using default expansion set `alltext-nott'.
LaTeX Info: Redefining \showhyphens on input line 140.
Package microtype Info: No adjustment of tracking.
Package microtype Info: No adjustment of spacing.
Package microtype Info: No adjustment of kerning.
Package microtype Info: Redefining babel's language switching commands.
Package microtype Info: Loading generic protrusion settings for font family
(microtype)             `MinionPro' (encoding: TU).
(microtype)             For optimal results, create family-specific settings.
(microtype)             See the microtype manual for details.

(C:/Users/Windows/AppData/Local/Programs/MiKTeX/tex/latex/pdflscape/pdflscape.s
ty
Package: pdflscape 2022-10-27 v0.13 Display of landscape pages in PDF

(C:/Users/Windows/AppData/Local/Programs/MiKTeX/tex/latex/pdflscape/pdflscape-n
ometadata.sty
Package: pdflscape-nometadata 2022-10-28 v0.13 Display of landscape pages in PD
F (HO)

(C:/Users/Windows/AppData/Local/Programs/MiKTeX/tex/latex/graphics/lscape.sty
Package: lscape 2020/05/28 v3.02 Landscape Pages (DPC)
)
Package pdflscape Info: Auto-detected driver: pdftex on input line 81.
))
\openout2 = INPUTS.aux
 (./INPUTS.tex (./1-fronte.tex
warning  (file ../watermarks/front9ano.pdf) (pdf inclusion): PDF inclusion: foun
d PDF version '1.7', but at most version '1.5' allowed
<../watermarks/front9ano.pdf, id=4, 597.50829pt x 796.67738pt>
File: ../watermarks/front9ano.pdf Graphic file (type pdf)
<use ../watermarks/front9ano.pdf>
Package luatex.def Info: ../watermarks/front9ano.pdf  used on input line 39.
(luatex.def)             Requested size: 597.50682pt x 796.67545pt.

Overfull \hbox (309.50305pt too wide) in paragraph at lines 39--40
[]| [] 
 []

) [1{C:/Users/Windows/AppData/Local/MiKTeX/fonts/map/pdftex/pdftex.map}


<../watermarks/front9ano.pdf>] (./2-creditos.tex
Underfull \hbox (badness 10000) in paragraph at lines 8--13

 []


Underfull \hbox (badness 10000) in paragraph at lines 16--19

 []


Underfull \hbox (badness 10000) in paragraph at lines 20--28

 []

LaTeX Font Info:    External font `cmex10' loaded for size
(Font)              <8> on input line 31.
LaTeX Font Info:    External font `cmex10' loaded for size
(Font)              <6> on input line 31.
LaTeX Font Info:    External font `cmex10' loaded for size
(Font)              <5> on input line 31.
(C:/Users/Windows/AppData/Local/Programs/MiKTeX/tex/latex/microtype/mt-cmr.cfg
File: mt-cmr.cfg 2013/05/19 v2.2 microtype config. file: Computer Modern Roman 
(RS)
)
Underfull \hbox (badness 10000) in paragraph at lines 43--44

 []


Underfull \hbox (badness 10000) in paragraph at lines 47--48

 []


Underfull \hbox (badness 10000) in paragraph at lines 49--55

 []

) [2]
Package microtype Info: Loading generic protrusion settings for font family
(microtype)             `Gotham-Black' (encoding: TU).
(microtype)             For optimal results, create family-specific settings.
(microtype)             See the microtype manual for details.


LaTeX Font Warning: Font shape `TU/Gotham-Black(0)/b/n' undefined
(Font)              using `TU/Gotham-Black(0)/m/n' instead on input line 28.

(./LIVRO.toc) [3] (./PORTUGUES.tex
Package microtype Info: Loading generic protrusion settings for font family
(microtype)             `cambria' (encoding: TU).
(microtype)             For optimal results, create family-specific settings.
(microtype)             See the microtype manual for details.
LaTeX Font Info:    External font `cmex10' loaded for size
(Font)              <12> on input line 13.
<./imgs/img1.jpg, id=21, 1003.75pt x 669.50125pt>
File: ./imgs/img1.jpg Graphic file (type jpg)
<use ./imgs/img1.jpg>
Package luatex.def Info: ./imgs/img1.jpg  used on input line 26.
(luatex.def)             Requested size: 213.0pt x 142.07048pt.
Package mdframed Info: mdframed works in twoside mode on input line 71.
Package mdframed Info: mdframed inside a box 
 mdframed uses option nobreak mdframed on input line 71.


Package varwidth Warning: Failed to reprocess entire contents on input line 71.



Package varwidth Warning: Failed to reprocess entire contents on input line 71.


[4


<./imgs/img1.jpg>]
Overfull \vbox (17.61842pt too high) has occurred while \output is active []


Overfull \hbox (43.47046pt too wide) has occurred while \output is active
 []|| []|
 []


Class memoir Warning: The material used in the headers is too large
(55.83868pt) for the given head height (51.21495pt), it is recommended to
either increase the head height or redesign the header
(in both cases you will find help in the memoir manual). on input line 71.


Overfull \vbox (4.62373pt too high) has occurred while \output is active []


Overfull \hbox (43.47046pt too wide) has occurred while \output is active
 []|| []|
 []

[5]
<./imgs/img2.jpg, id=30, 1003.75pt x 669.50125pt>
File: ./imgs/img2.jpg Graphic file (type jpg)
<use ./imgs/img2.jpg>
Package luatex.def Info: ./imgs/img2.jpg  used on input line 84.
(luatex.def)             Requested size: 213.0pt x 142.07048pt.

Overfull \vbox (4.62373pt too high) has occurred while \output is active []


[6<./imgs/img2.jpg>]
Overfull \hbox (43.47046pt too wide) has occurred while \output is active
 []|| []|
 []


Overfull \vbox (4.62373pt too high) has occurred while \output is active []


Overfull \hbox (43.47046pt too wide) has occurred while \output is active
 []|| []|
 []

[7]
<./imgs/img3.jpg, id=37, 963.6pt x 602.25pt>
File: ./imgs/img3.jpg Graphic file (type jpg)
<use ./imgs/img3.jpg>
Package luatex.def Info: ./imgs/img3.jpg  used on input line 197.
(luatex.def)             Requested size: 213.0pt x 133.1203pt.

Overfull \vbox (4.62373pt too high) has occurred while \output is active []


[8]
Overfull \hbox (43.47046pt too wide) has occurred while \output is active
 []|| []|
 []


Overfull \vbox (4.62373pt too high) has occurred while \output is active []


Overfull \hbox (43.47046pt too wide) has occurred while \output is active
 []|| []|
 []

[9<./imgs/img3.jpg>]
Overfull \vbox (4.62373pt too high) has occurred while \output is active []


[10]
<./imgs/img4.jpg, id=47, 1003.75pt x 669.50125pt>
File: ./imgs/img4.jpg Graphic file (type jpg)
<use ./imgs/img4.jpg>
Package luatex.def Info: ./imgs/img4.jpg  used on input line 343.
(luatex.def)             Requested size: 213.0pt x 142.07048pt.
Package mdframed Info: mdframed works in twoside mode on input line 431.
<./imgs/img5.png, id=48, 169.506pt x 196.443pt>
File: ./imgs/img5.png Graphic file (type png)
<use ./imgs/img5.png>
Package luatex.def Info: ./imgs/img5.png  used on input line 431.
(luatex.def)             Requested size: 137.09935pt x 158.89014pt.
Package mdframed Info: mdframed inside a box 
 mdframed uses option nobreak mdframed on input line 431.


Package varwidth Warning: Failed to reprocess entire contents on input line 431
.


Package varwidth Warning: Failed to reprocess entire contents on input line 431
.


Overfull \hbox (43.47046pt too wide) has occurred while \output is active
 []|| []|
 []

[11

<./imgs/img4.jpg>]
Overfull \vbox (684.87944pt too high) has occurred while \output is active []


Overfull \vbox (4.62373pt too high) has occurred while \output is active []


[12<./imgs/img5.png>]
Overfull \hbox (43.47046pt too wide) has occurred while \output is active
 []|| []|
 []


Overfull \vbox (4.62373pt too high) has occurred while \output is active []


Overfull \hbox (43.47046pt too wide) has occurred while \output is active
 []|| []|
 []

[13]
<./imgs/img6.png, id=60, 284.481pt x 142.2405pt>
File: ./imgs/img6.png Graphic file (type png)
<use ./imgs/img6.png>
Package luatex.def Info: ./imgs/img6.png  used on input line 514.
(luatex.def)             Requested size: 213.0pt x 106.5043pt.

Underfull \hbox (badness 2368) in paragraph at lines 515--515
[]\TU/MinionPro(0)/m/n/12 Fi-gura .: Fonte: https://pi-xa-bay.com/pt/vec-t
ors/imagens-de-palavras-do-alfabeto-
 []


Overfull \vbox (4.62373pt too high) has occurred while \output is active []


[14<./imgs/img6.png>]
Overfull \hbox (43.47046pt too wide) has occurred while \output is active
 []|| []|
 []


Overfull \vbox (4.62373pt too high) has occurred while \output is active []


Overfull \hbox (43.47046pt too wide) has occurred while \output is active
 []|| []|
 []

[15]
Overfull \vbox (4.62373pt too high) has occurred while \output is active []


[16]
Overfull \hbox (43.47046pt too wide) has occurred while \output is active
 []|| []|
 []


Overfull \vbox (4.62373pt too high) has occurred while \output is active []


Overfull \hbox (43.47046pt too wide) has occurred while \output is active
 []|| []|
 []

[17]
<./imgs/img7.jpg, id=74, 173.448pt x 173.448pt>
File: ./imgs/img7.jpg Graphic file (type jpg)
<use ./imgs/img7.jpg>
Package luatex.def Info: ./imgs/img7.jpg  used on input line 692.
(luatex.def)             Requested size: 213.0pt x 213.01158pt.

Underfull \hbox (badness 10000) in paragraph at lines 693--693
[]\TU/MinionPro(0)/m/n/12 Fi-gura .: Fonte: https://pi-xa-bay.com/pt/il-lu
s-tra-ti-ons/ponto-de-
 []

Package mdframed Info: mdframed works in twoside mode on input line 740.
Package mdframed Info: mdframed inside a box 
 mdframed uses option nobreak mdframed on input line 740.

Package varwidth Warning: Failed to reprocess entire contents on input line 740
.


Package varwidth Warning: Failed to reprocess entire contents on input line 740
.

[18

<./imgs/img7.jpg>]
Overfull \vbox (280.09384pt too high) has occurred while \output is active []


Overfull \hbox (43.47046pt too wide) has occurred while \output is active
 []|| []|
 []


Overfull \vbox (4.62373pt too high) has occurred while \output is active []


Overfull \hbox (43.47046pt too wide) has occurred while \output is active
 []|| []|
 []

[19]
Overfull \vbox (4.62373pt too high) has occurred while \output is active []


[20]
Overfull \hbox (43.47046pt too wide) has occurred while \output is active
 []|| []|
 []


Overfull \vbox (4.62373pt too high) has occurred while \output is active []


Overfull \hbox (43.47046pt too wide) has occurred while \output is active
 []|| []|
 []

[21]
<./imgs/img9.jpg, id=88, 1003.75pt x 803.0pt>
File: ./imgs/img9.jpg Graphic file (type jpg)
<use ./imgs/img9.jpg>
Package luatex.def Info: ./imgs/img9.jpg  used on input line 852.
(luatex.def)             Requested size: 213.0pt x 170.39937pt.

Overfull \vbox (4.62373pt too high) has occurred while \output is active []


[22]
Overfull \hbox (43.47046pt too wide) has occurred while \output is active
 []|| []|
 []


Overfull \vbox (4.62373pt too high) has occurred while \output is active []


Overfull \hbox (43.47046pt too wide) has occurred while \output is active
 []|| []|
 []

[23<./imgs/img9.jpg>]
Overfull \vbox (4.62373pt too high) has occurred while \output is active []


[24]
Overfull \hbox (43.47046pt too wide) has occurred while \output is active
 []|| []|
 []


Overfull \vbox (4.62373pt too high) has occurred while \output is active []


Overfull \hbox (43.47046pt too wide) has occurred while \output is active
 []|| []|
 []

[25]
<./imgs/img10.jpg, id=101, 172.4625pt x 258.858pt>
File: ./imgs/img10.jpg Graphic file (type jpg)
<use ./imgs/img10.jpg>
Package luatex.def Info: ./imgs/img10.jpg  used on input line 996.
(luatex.def)             Requested size: 213.0pt x 319.71664pt.
Package mdframed Info: mdframed works in twoside mode on input line 1071.

Underfull \hbox (badness 1281) in paragraph at lines 1071--1071
[]\TU/MinionPro(0)/m/n/12 Con-se-gue iden-ti-fi-car o ar-gu-mento cons-trudo 
acima?
 []

<./imgs/img11.png, id=102, 496.10344pt x 558.58687pt>
File: ./imgs/img11.png Graphic file (type png)
<use ./imgs/img11.png>
Package luatex.def Info: ./imgs/img11.png  used on input line 1071.
(luatex.def)             Requested size: 137.09935pt x 154.36618pt.
Package mdframed Info: mdframed inside a box 
 mdframed uses option nobreak mdframed on input line 1071.

Package varwidth Warning: Failed to reprocess entire contents on input line 107
1.


Package varwidth Warning: Failed to reprocess entire contents on input line 107
1.

[26

]
Overfull \vbox (905.02646pt too high) has occurred while \output is active []


Overfull \hbox (43.47046pt too wide) has occurred while \output is active
 []|| []|
 []


Overfull \vbox (4.62373pt too high) has occurred while \output is active []


Overfull \hbox (43.47046pt too wide) has occurred while \output is active
 []|| []|
 []

[27<./imgs/img10.jpg><./imgs/img11.png>]
<./imgs/img12.png, id=110, 516.42938pt x 140.77594pt>
File: ./imgs/img12.png Graphic file (type png)
<use ./imgs/img12.png>
Package luatex.def Info: ./imgs/img12.png  used on input line 1123.
(luatex.def)             Requested size: 213.0pt x 58.06218pt.
<./imgs/img13.png, id=111, 414.79968pt x 127.22531pt>
File: ./imgs/img13.png Graphic file (type png)
<use ./imgs/img13.png>
Package luatex.def Info: ./imgs/img13.png  used on input line 1124.
(luatex.def)             Requested size: 213.0pt x 65.33054pt.

Overfull \hbox (1.816pt too wide) in paragraph at lines 1123--1125
[][] [] 
 []

<./imgs/img14.png, id=112, 330.48468pt x 128.73094pt>
File: ./imgs/img14.png Graphic file (type png)
<use ./imgs/img14.png>
Package luatex.def Info: ./imgs/img14.png  used on input line 1139.
(luatex.def)             Requested size: 213.0pt x 82.97089pt.

Overfull \vbox (4.62373pt too high) has occurred while \output is active []


[28]
Overfull \hbox (30.0pt too wide) in paragraph at lines 1154--1154
[][][]  
 []


Overfull \hbox (30.0pt too wide) in paragraph at lines 1154--1154
[][][]  
 []


Overfull \hbox (30.0pt too wide) in paragraph at lines 1154--1154
[][][]  
 []


Overfull \hbox (30.0pt too wide) in paragraph at lines 1163--1163
[][][]  
 []


Overfull \hbox (30.0pt too wide) in paragraph at lines 1163--1163
[][][]  
 []


Overfull \hbox (30.0pt too wide) in paragraph at lines 1171--1171
[][][]  
 []


Overfull \hbox (30.0pt too wide) in paragraph at lines 1171--1171
[][][]  
 []


Overfull \hbox (43.47046pt too wide) has occurred while \output is active
 []|| []|
 []


Overfull \vbox (4.62373pt too high) has occurred while \output is active []


Overfull \hbox (43.47046pt too wide) has occurred while \output is active
 []|| []|
 []

[29<./imgs/img12.png><./imgs/img13.png><./imgs/img14.png>]
Overfull \vbox (4.62373pt too high) has occurred while \output is active []


[30]
<./imgs/img15.png, id=122, 750.55406pt x 455.45157pt>
File: ./imgs/img15.png Graphic file (type png)
<use ./imgs/img15.png>
Package luatex.def Info: ./imgs/img15.png  used on input line 1286.
(luatex.def)             Requested size: 213.0pt x 129.24907pt.

Underfull \hbox (badness 10000) in paragraph at lines 1287--1287
\TU/MinionPro(0)/m/n/12 Estado-anuncia-medidas-para-o-enfrentamento-ao-novo-coro
navirus-Covid--na-
 []


Overfull \hbox (43.47046pt too wide) has occurred while \output is active
 []|| []|
 []


Overfull \vbox (4.62373pt too high) has occurred while \output is active []


Overfull \hbox (43.47046pt too wide) has occurred while \output is active
 []|| []|
 []

[31]
Overfull \vbox (4.62373pt too high) has occurred while \output is active []


[32<./imgs/img15.png>]
<./imgs/img16.jpg, id=130, 188.2305pt x 282.1815pt>
File: ./imgs/img16.jpg Graphic file (type jpg)
<use ./imgs/img16.jpg>
Package luatex.def Info: ./imgs/img16.jpg  used on input line 1331.
(luatex.def)             Requested size: 213.0pt x 319.33069pt.
Package mdframed Info: mdframed works in twoside mode on input line 1409.

Underfull \hbox (badness 10000) in paragraph at lines 1409--1409

 []

Package mdframed Info: mdframed inside a box 
 mdframed uses option nobreak mdframed on input line 1409.

Package varwidth Warning: Failed to reprocess entire contents on input line 140
9.


Package varwidth Warning: Failed to reprocess entire contents on input line 140
9.


Overfull \hbox (43.47046pt too wide) has occurred while \output is active
 []|| []|
 []

[33

<./imgs/img16.jpg>]
Overfull \vbox (427.0875pt too high) has occurred while \output is active []


Overfull \vbox (4.62373pt too high) has occurred while \output is active []


[34]
<./imgs/img17.jpg, id=137, 158.994pt x 230.607pt>
File: ./imgs/img17.jpg Graphic file (type jpg)
<use ./imgs/img17.jpg>
Package luatex.def Info: ./imgs/img17.jpg  used on input line 1464.
(luatex.def)             Requested size: 213.0pt x 308.95546pt.

Overfull \hbox (43.47046pt too wide) has occurred while \output is active
 []|| []|
 []


Overfull \vbox (4.62373pt too high) has occurred while \output is active []


Overfull \hbox (43.47046pt too wide) has occurred while \output is active
 []|| []|
 []

[35]
Overfull \vbox (4.62373pt too high) has occurred while \output is active []


[36<./imgs/img17.jpg>]
Overfull \hbox (30.0pt too wide) in paragraph at lines 1513--1513
[][][]  
 []


Overfull \hbox (30.0pt too wide) in paragraph at lines 1513--1513
[][][]  
 []


Overfull \hbox (30.0pt too wide) in paragraph at lines 1520--1520
[][][]  
 []


Overfull \hbox (30.0pt too wide) in paragraph at lines 1520--1520
[][][]  
 []


Overfull \hbox (30.0pt too wide) in paragraph at lines 1526--1526
[][][]  
 []


Overfull \hbox (30.0pt too wide) in paragraph at lines 1526--1526
[][][]  
 []


Overfull \hbox (43.47046pt too wide) has occurred while \output is active
 []|| []|
 []


Overfull \vbox (4.62373pt too high) has occurred while \output is active []


Overfull \hbox (43.47046pt too wide) has occurred while \output is active
 []|| []|
 []

[37]
Overfull \vbox (4.62373pt too high) has occurred while \output is active []


[38]
Overfull \hbox (43.47046pt too wide) has occurred while \output is active
 []|| []|
 []


Overfull \vbox (4.62373pt too high) has occurred while \output is active []


Overfull \hbox (43.47046pt too wide) has occurred while \output is active
 []|| []|
 []

[39]
Overfull \vbox (4.62373pt too high) has occurred while \output is active []


[40]
<./imgs/img18.jpg, id=156, 679.03688pt x 459.21562pt>
File: ./imgs/img18.jpg Graphic file (type jpg)
<use ./imgs/img18.jpg>
Package luatex.def Info: ./imgs/img18.jpg  used on input line 1703.
(luatex.def)             Requested size: 213.0pt x 144.04407pt.

Underfull \hbox (badness 10000) in paragraph at lines 1704--1704
[]\TU/MinionPro(0)/m/n/12 Fi-gura .: Fonte: https://pi-xa-bay.com/pt/il
-lus-tra-ti-ons/diversidade-pessoas-
 []

Package mdframed Info: mdframed works in twoside mode on input line 1758.
Package mdframed Info: mdframed inside a box 
 mdframed uses option nobreak mdframed on input line 1758.

Package varwidth Warning: Failed to reprocess entire contents on input line 175
8.


Package varwidth Warning: Failed to reprocess entire contents on input line 175
8.


Overfull \hbox (43.47046pt too wide) has occurred while \output is active
 []|| []|
 []

[41

<./imgs/img18.jpg>]
Overfull \vbox (4.62373pt too high) has occurred while \output is active []


[42]
Overfull \hbox (43.47046pt too wide) has occurred while \output is active
 []|| []|
 []


Overfull \vbox (4.62373pt too high) has occurred while \output is active []


Overfull \hbox (43.47046pt too wide) has occurred while \output is active
 []|| []|
 []

[43]
Overfull \hbox (30.0pt too wide) in paragraph at lines 1812--1812
[][][]  
 []


Overfull \hbox (30.0pt too wide) in paragraph at lines 1817--1817
[][][]  
 []

<./imgs/img19.jpg, id=167, 519.44063pt x 386.19281pt>
File: ./imgs/img19.jpg Graphic file (type jpg)
<use ./imgs/img19.jpg>
Package luatex.def Info: ./imgs/img19.jpg  used on input line 1842.
(luatex.def)             Requested size: 213.0pt x 158.35774pt.

Overfull \vbox (4.62373pt too high) has occurred while \output is active []


[44]
Overfull \hbox (43.47046pt too wide) has occurred while \output is active
 []|| []|
 []


Overfull \vbox (4.62373pt too high) has occurred while \output is active []


Overfull \hbox (43.47046pt too wide) has occurred while \output is active
 []|| []|
 []

[45<./imgs/img19.jpg>]
Overfull \vbox (4.62373pt too high) has occurred while \output is active []


[46]
Overfull \hbox (43.47046pt too wide) has occurred while \output is active
 []|| []|
 []


Overfull \vbox (4.62373pt too high) has occurred while \output is active []


Overfull \hbox (43.47046pt too wide) has occurred while \output is active
 []|| []|
 []

[47]
<./imgs/img20.jpg, id=180, 963.6pt x 681.54625pt>
File: ./imgs/img20.jpg Graphic file (type jpg)
<use ./imgs/img20.jpg>
Package luatex.def Info: ./imgs/img20.jpg  used on input line 2044.
(luatex.def)             Requested size: 213.0pt x 150.6478pt.
Package mdframed Info: mdframed works in twoside mode on input line 2105.
Package mdframed Info: mdframed inside a box 
 mdframed uses option nobreak mdframed on input line 2105.


Package varwidth Warning: Failed to reprocess entire contents on input line 210
5.


Package varwidth Warning: Failed to reprocess entire contents on input line 210
5.

[48

<./imgs/img20.jpg>]
Overfull \vbox (253.27013pt too high) has occurred while \output is active []


Overfull \hbox (43.47046pt too wide) has occurred while \output is active
 []|| []|
 []


Overfull \vbox (4.62373pt too high) has occurred while \output is active []


Overfull \hbox (43.47046pt too wide) has occurred while \output is active
 []|| []|
 []

[49]
Overfull \vbox (4.62373pt too high) has occurred while \output is active []


[50]
Overfull \hbox (43.47046pt too wide) has occurred while \output is active
 []|| []|
 []


Overfull \vbox (4.62373pt too high) has occurred while \output is active []


Overfull \hbox (43.47046pt too wide) has occurred while \output is active
 []|| []|
 []

[51]
Overfull \vbox (4.62373pt too high) has occurred while \output is active []


[52]
<./imgs/img21.jpg, id=197, 158.994pt x 238.491pt>
File: ./imgs/img21.jpg Graphic file (type jpg)
<use ./imgs/img21.jpg>
Package luatex.def Info: ./imgs/img21.jpg  used on input line 2233.
(luatex.def)             Requested size: 213.0pt x 319.51804pt.

Underfull \hbox (badness 1199) in paragraph at lines 2234--2234
[]\TU/MinionPro(0)/m/n/12 Fi-gura .: Fonte: https://uns-plash.com/pt-br
/fo-to-gra-fias/Bc_yIwUHw. Acesso
 []

Package mdframed Info: mdframed works in twoside mode on input line 2251.
Package mdframed Info: mdframed inside a box 
 mdframed uses option nobreak mdframed on input line 2251.

Package varwidth Warning: Failed to reprocess entire contents on input line 225
1.


Package varwidth Warning: Failed to reprocess entire contents on input line 225
1.


Overfull \hbox (43.47046pt too wide) has occurred while \output is active
 []|| []|
 []

[53

<./imgs/img21.jpg>]
Overfull \vbox (4.62373pt too high) has occurred while \output is active []


[54]
Overfull \hbox (43.47046pt too wide) has occurred while \output is active
 []|| []|
 []


Overfull \vbox (4.62373pt too high) has occurred while \output is active []


Overfull \hbox (43.47046pt too wide) has occurred while \output is active
 []|| []|
 []

[55]
Overfull \vbox (4.62373pt too high) has occurred while \output is active []


[56]
Overfull \hbox (43.47046pt too wide) has occurred while \output is active
 []|| []|
 []


Overfull \vbox (4.62373pt too high) has occurred while \output is active []


Overfull \hbox (43.47046pt too wide) has occurred while \output is active
 []|| []|
 []

[57]
Overfull \vbox (4.62373pt too high) has occurred while \output is active []


[58]
Overfull \hbox (43.47046pt too wide) has occurred while \output is active
 []|| []|
 []


Overfull \vbox (4.62373pt too high) has occurred while \output is active []


Overfull \hbox (43.47046pt too wide) has occurred while \output is active
 []|| []|
 []

[59]
Overfull \vbox (4.62373pt too high) has occurred while \output is active []


[60]
<./imgs/img22.jpg, id=223, 1003.75pt x 669.50125pt>
File: ./imgs/img22.jpg Graphic file (type jpg)
<use ./imgs/img22.jpg>
Package luatex.def Info: ./imgs/img22.jpg  used on input line 2612.
(luatex.def)             Requested size: 213.0pt x 142.07048pt.
Package mdframed Info: mdframed works in twoside mode on input line 2645.
<./imgs/chart1.png, id=224, 577.15625pt x 341.275pt>
File: ./imgs/chart1.png Graphic file (type png)
<use ./imgs/chart1.png>
Package luatex.def Info: ./imgs/chart1.png  used on input line 2645.
(luatex.def)             Requested size: 137.09935pt x 81.06927pt.
<./imgs/chart2.png, id=225, 577.15625pt x 341.275pt>
File: ./imgs/chart2.png Graphic file (type png)
<use ./imgs/chart2.png>
Package luatex.def Info: ./imgs/chart2.png  used on input line 2645.
(luatex.def)             Requested size: 137.09935pt x 81.06927pt.
Package mdframed Info: mdframed inside a box 
 mdframed uses option nobreak mdframed on input line 2645.


Package varwidth Warning: Failed to reprocess entire contents on input line 264
5.


Package varwidth Warning: Failed to reprocess entire contents on input line 264
5.


Overfull \hbox (43.47046pt too wide) has occurred while \output is active
 []|| []|
 []

[61

<./imgs/img22.jpg>]
Overfull \vbox (4.62373pt too high) has occurred while \output is active []


[62<./imgs/chart1.png><./imgs/chart2.png>]
<./imgs/chart3.png, id=235, 575.14874pt x 339.2675pt>
File: ./imgs/chart3.png Graphic file (type png)
<use ./imgs/chart3.png>
Package luatex.def Info: ./imgs/chart3.png  used on input line 2681.
(luatex.def)             Requested size: 213.0pt x 125.64088pt.

Overfull \hbox (30.0pt too wide) in paragraph at lines 2688--2688
[][][]  
 []


Overfull \hbox (43.47046pt too wide) has occurred while \output is active
 []|| []|
 []


Overfull \vbox (4.62373pt too high) has occurred while \output is active []


Overfull \hbox (43.47046pt too wide) has occurred while \output is active
 []|| []|
 []

[63<./imgs/chart3.png>]
Overfull \hbox (30.0pt too wide) in paragraph at lines 2694--2694
[][][]  
 []


Overfull \vbox (4.62373pt too high) has occurred while \output is active []


[64]
<./imgs/img23.png, id=243, 576.1525pt x 434.62375pt>
File: ./imgs/img23.png Graphic file (type png)
<use ./imgs/img23.png>
Package luatex.def Info: ./imgs/img23.png  used on input line 2761.
(luatex.def)             Requested size: 213.0pt x 160.67563pt.

Overfull \hbox (43.47046pt too wide) has occurred while \output is active
 []|| []|
 []


Overfull \vbox (4.62373pt too high) has occurred while \output is active []


Overfull \hbox (43.47046pt too wide) has occurred while \output is active
 []|| []|
 []

[65<./imgs/img23.png>]
File: ./imgs/img23.png Graphic file (type png)
<use ./imgs/img23.png>
Package luatex.def Info: ./imgs/img23.png  used on input line 2815.
(luatex.def)             Requested size: 213.0pt x 160.67563pt.

Overfull \vbox (4.62373pt too high) has occurred while \output is active []


[66]
File: ./imgs/img23.png Graphic file (type png)
<use ./imgs/img23.png>
Package luatex.def Info: ./imgs/img23.png  used on input line 2867.
(luatex.def)             Requested size: 213.0pt x 160.67563pt.

Overfull \hbox (43.47046pt too wide) has occurred while \output is active
 []|| []|
 []


Overfull \vbox (4.62373pt too high) has occurred while \output is active []


Overfull \hbox (43.47046pt too wide) has occurred while \output is active
 []|| []|
 []

[67]
Overfull \vbox (4.62373pt too high) has occurred while \output is active []


[68]
<./imgs/img24.jpg, id=257, 963.6pt x 642.4pt>
File: ./imgs/img24.jpg Graphic file (type jpg)
<use ./imgs/img24.jpg>
Package luatex.def Info: ./imgs/img24.jpg  used on input line 2917.
(luatex.def)             Requested size: 213.0pt x 141.99498pt.
Package mdframed Info: mdframed works in twoside mode on input line 2938.
Package mdframed Info: mdframed inside a box 
 mdframed uses option nobreak mdframed on input line 2938.


Package varwidth Warning: Failed to reprocess entire contents on input line 293
8.


Package varwidth Warning: Failed to reprocess entire contents on input line 293
8.


Overfull \hbox (43.47046pt too wide) has occurred while \output is active
 []|| []|
 []

[69

<./imgs/img24.jpg>]
Overfull \vbox (4.62373pt too high) has occurred while \output is active []


[70]
Overfull \hbox (43.47046pt too wide) has occurred while \output is active
 []|| []|
 []


Overfull \vbox (4.62373pt too high) has occurred while \output is active []


Overfull \hbox (43.47046pt too wide) has occurred while \output is active
 []|| []|
 []

[71]
Overfull \vbox (4.62373pt too high) has occurred while \output is active []


[72]
Overfull \hbox (43.47046pt too wide) has occurred while \output is active
 []|| []|
 []


Overfull \vbox (4.62373pt too high) has occurred while \output is active []


Overfull \hbox (43.47046pt too wide) has occurred while \output is active
 []|| []|
 []

[73]
Overfull \vbox (4.62373pt too high) has occurred while \output is active []


[74]
Overfull \hbox (43.47046pt too wide) has occurred while \output is active
 []|| []|
 []

[75

]
Overfull \vbox (4.62373pt too high) has occurred while \output is active []


[76]
Overfull \hbox (43.47046pt too wide) has occurred while \output is active
 []|| []|
 []


Overfull \vbox (4.62373pt too high) has occurred while \output is active []


Overfull \hbox (43.47046pt too wide) has occurred while \output is active
 []|| []|
 []

[77]
Overfull \vbox (4.62373pt too high) has occurred while \output is active []


[78]
Overfull \hbox (43.47046pt too wide) has occurred while \output is active
 []|| []|
 []


Overfull \vbox (4.62373pt too high) has occurred while \output is active []


Overfull \hbox (43.47046pt too wide) has occurred while \output is active
 []|| []|
 []

[79] [80

]
Overfull \hbox (43.47046pt too wide) has occurred while \output is active
 []|| []|
 []


Overfull \vbox (4.62373pt too high) has occurred while \output is active []


Overfull \hbox (43.47046pt too wide) has occurred while \output is active
 []|| []|
 []

[81]
Overfull \hbox (0.14664pt too wide) in paragraph at lines 3711--3712
 \TU/MinionPro(0)/m/n/10 https://ma-chado.mec.gov.br/obra-completa-lista/item/do
wn-load/_eacdafcdcc
d.
 []


Overfull \vbox (4.62373pt too high) has occurred while \output is active []


[82]
<./imgs/chart4.png, id=302, 381.425pt x 233.87375pt>
File: ./imgs/chart4.png Graphic file (type png)
<use ./imgs/chart4.png>
Package luatex.def Info: ./imgs/chart4.png  used on input line 3794.
(luatex.def)             Requested size: 213.0pt x 130.60081pt.

Overfull \hbox (43.47046pt too wide) has occurred while \output is active
 []|| []|
 []


Overfull \vbox (4.62373pt too high) has occurred while \output is active []


Overfull \hbox (43.47046pt too wide) has occurred while \output is active
 []|| []|
 []

[83<./imgs/chart4.png>]
Overfull \vbox (4.62373pt too high) has occurred while \output is active []


[84]
Overfull \hbox (43.47046pt too wide) has occurred while \output is active
 []|| []|
 []

[85

]
Overfull \vbox (4.62373pt too high) has occurred while \output is active []


[86]
Overfull \hbox (43.47046pt too wide) has occurred while \output is active
 []|| []|
 []


Overfull \vbox (4.62373pt too high) has occurred while \output is active []


Overfull \hbox (43.47046pt too wide) has occurred while \output is active
 []|| []|
 []

[87]
<./imgs/img25.jpg, id=319, 501.875pt x 504.88625pt>
File: ./imgs/img25.jpg Graphic file (type jpg)
<use ./imgs/img25.jpg>
Package luatex.def Info: ./imgs/img25.jpg  used on input line 4097.
(luatex.def)             Requested size: 213.0pt x 214.2772pt.

Underfull \hbox (badness 10000) in paragraph at lines 4098--4098
[]\TU/MinionPro(0)/m/n/12 Fi-gura .: Fonte: https://por-tal-co-vid
.saude.rn.gov.br/no-ti-cias/sesap-orienta-
 []


Overfull \vbox (4.62373pt too high) has occurred while \output is active []


[88<./imgs/img25.jpg>]
Overfull \hbox (43.47046pt too wide) has occurred while \output is active
 []|| []|
 []


Overfull \vbox (4.62373pt too high) has occurred while \output is active []


Overfull \hbox (43.47046pt too wide) has occurred while \output is active
 []|| []|
 []

[89] [90

]
Overfull \hbox (43.47046pt too wide) has occurred while \output is active
 []|| []|
 []


Overfull \vbox (4.62373pt too high) has occurred while \output is active []


Overfull \hbox (43.47046pt too wide) has occurred while \output is active
 []|| []|
 []

[91]
Overfull \vbox (4.62373pt too high) has occurred while \output is active []


[92]
Overfull \hbox (43.47046pt too wide) has occurred while \output is active
 []|| []|
 []


Overfull \vbox (4.62373pt too high) has occurred while \output is active []


Overfull \hbox (43.47046pt too wide) has occurred while \output is active
 []|| []|
 []

[93]) (./CHU.tex
Overfull \vbox (4.62373pt too high) has occurred while \output is active []


[94]
Package mdframed Info: mdframed works in twoside mode on input line 50.
<./imgs/img26.png, id=342, 742.775pt x 742.775pt>
File: ./imgs/img26.png Graphic file (type png)
<use ./imgs/img26.png>
Package luatex.def Info: ./imgs/img26.png  used on input line 50.
(luatex.def)             Requested size: 135.34935pt x 135.34846pt.
<./imgs/img27.png, id=343, 963.6pt x 722.7pt>
File: ./imgs/img27.png Graphic file (type png)
<use ./imgs/img27.png>
Package luatex.def Info: ./imgs/img27.png  used on input line 50.
(luatex.def)             Requested size: 135.34935pt x 101.50813pt.
<./imgs/img28.png, id=344, 963.6pt x 642.4pt>
File: ./imgs/img28.png Graphic file (type png)
<use ./imgs/img28.png>
Package luatex.def Info: ./imgs/img28.png  used on input line 50.
(luatex.def)             Requested size: 135.34935pt x 90.22945pt.

Underfull \hbox (badness 10000) in paragraph at lines 50--50
[][]
 []

Package mdframed Info: mdframed inside a box 
 mdframed uses option nobreak mdframed on input line 50.

Package varwidth Warning: Failed to reprocess entire contents on input line 50.



Package varwidth Warning: Failed to reprocess entire contents on input line 50.



Overfull \hbox (43.47046pt too wide) has occurred while \output is active
 []|| []|
 []

[95

]
Overfull \vbox (229.01071pt too high) has occurred while \output is active []


Overfull \vbox (4.62373pt too high) has occurred while \output is active []


[96<./imgs/img26.png><./imgs/img27.png><./imgs/img28.png>]
<./imgs/img29.jpg, id=351, 642.14906pt x 396.7322pt>
File: ./imgs/img29.jpg Graphic file (type jpg)
<use ./imgs/img29.jpg>
Package luatex.def Info: ./imgs/img29.jpg  used on input line 62.
(luatex.def)             Requested size: 213.0pt x 131.59398pt.
<./imgs/img30.png, id=352, 903.375pt x 456.70625pt>
File: ./imgs/img30.png Graphic file (type png)
<use ./imgs/img30.png>
Package luatex.def Info: ./imgs/img30.png  used on input line 67.
(luatex.def)             Requested size: 213.0pt x 107.68138pt.

Overfull \hbox (5.0pt too wide) in paragraph at lines 79--79
[][][]  
 []


Overfull \hbox (5.0pt too wide) in paragraph at lines 79--79
[][][]  
 []


Overfull \hbox (5.0pt too wide) in paragraph at lines 79--79
[][][]  
 []


Overfull \hbox (5.0pt too wide) in paragraph at lines 85--85
[][][]  
 []


Overfull \hbox (5.0pt too wide) in paragraph at lines 85--85
[][][]  
 []


Overfull \hbox (5.0pt too wide) in paragraph at lines 85--85
[][][]  
 []


Overfull \hbox (43.47046pt too wide) has occurred while \output is active
 []|| []|
 []


Overfull \vbox (4.62373pt too high) has occurred while \output is active []


Overfull \hbox (43.47046pt too wide) has occurred while \output is active
 []|| []|
 []

[97<./imgs/img29.jpg><./imgs/img30.png>]
Overfull \hbox (5.0pt too wide) in paragraph at lines 97--97
[][][]  
 []


Overfull \hbox (5.0pt too wide) in paragraph at lines 97--97
[][][]  
 []


Overfull \hbox (5.0pt too wide) in paragraph at lines 97--97
[][][]  
 []

<./imgs/img31.png, id=356, 776.9025pt x 436.63126pt>
File: ./imgs/img31.png Graphic file (type png)
<use ./imgs/img31.png>
Package luatex.def Info: ./imgs/img31.png  used on input line 107.
(luatex.def)             Requested size: 213.0pt x 119.7042pt.

Underfull \hbox (badness 10000) in paragraph at lines 108--108
[]\TU/MinionPro(0)/m/n/12 Fi-gura .: \TU/MinionPro(0)/m/it/12 https://w
ww.is-tockphoto.com/br/foto/antigo-cuneiforme-
 []


Underfull \hbox (badness 10000) in paragraph at lines 108--108
\TU/MinionPro(0)/m/it/12 assCADria-e-sumCAria-da-mesopot
CAmia-gm-
 []


Overfull \vbox (4.62373pt too high) has occurred while \output is active []


[98<./imgs/img31.png>] Excluding 'comment' comment.))
Overfull \hbox (43.47046pt too wide) has occurred while \output is active
 []|| []|
 []


Overfull \vbox (4.62373pt too high) has occurred while \output is active []


Overfull \hbox (43.47046pt too wide) has occurred while \output is active
 []|| []|
 []

[99]

Class memoir Warning: \marginparsep is zero or negative on input line 148.


******************************************************
Stock height and width: 1195.01575pt by 845.04684pt
Top and edge trims: 56.9055pt and 123.76949pt
Page height and width: 796.67715pt by 597.50787pt
Text height and width: 642.16855pt by 426pt
Spine and edge margins: 99.58463pt and 71.13191pt
Upper and lower margins: 85.35826pt and 69.15034pt
Headheight and headsep: 51.21495pt and 19.8738pt
Footskip: 51.21495pt
Columnsep and columnseprule: 10pt and 0pt
Marginparsep and marginparwidth: -60pt and 191.13191pt
Sidecapsep and sidecapwidth: 7pt and 102pt
Sidebarhsep and sidebarwidth: 7pt and 102pt
Sidebarvsep and sidebartopsep: 14.5pt and 0pt
Sidebarheight: 546.64995pt
Sidefoothsep and sidefootwidth: 7pt and 102pt
Sidefootvsep and sidefootheight: 14.5pt and 546.64995pt
******************************************************


Class memoir Warning: The material used in the headers is too large
(55.83868pt) for the given head height (51.21495pt), it is recommended to
either increase the head height or redesign the header
(in both cases you will find help in the memoir manual). on input line 148.

\tf@toc=\write6

\openout6 = LIVRO.toc

! LaTeX Error: \begin{itemize} on input line 10 ended by \end{document}.

See the LaTeX manual or LaTeX Companion for explanation.
Type  H <return>  for immediate help.
 ...                                              
                                                  
l.148 \end{document}
                  
Your command was ignored.
Type  I <command> <return>  to replace it with another command,
or  <return>  to continue without it.

(./LIVRO.aux (./INPUTS.aux))

LaTeX Font Warning: Some font shapes were not available, defaults substituted.

)
(\end occurred inside a group at level 1)

### semi simple group (level 1) entered at line 10 (\begingroup)
### bottom level

Here is how much of LuaTeX's memory you used:
 28954 strings out of 477352
 125311,1373583 words of node,token memory allocated
 1648 words of node memory still in use:
   7 hlist, 1 vlist, 1 rule, 2 local_par, 10 glue, 4 kern, 2 penalty, 1 margin_k
ern, 5 glyph, 21 attribute, 250 glue_spec, 12 attribute_list, 4 shape, 5 write n
odes
   avail lists: 1:1,2:1737,3:375,4:297,5:3562,6:80,7:9775,8:3,9:696,10:25,11:107
2
 48588 multiletter control sequences out of 65536+600000
 79 fonts using 18516191 bytes
 99i,19n,97p,1430b,1231s stack positions out of 10000i,1000n,20000p,200000b,80000s
<C:/Windows/Fonts/cambriai.ttf><C:/Users/Windows/AppData/Local/Microsoft/Windows
/Fonts/cambria.ttc><C:/Users/Windows/AppData/Local/Microsoft/Windows/Fonts/gotha
m-black.otf><C:/Users/Windows/AppData/Local/Microsoft/Windows/Fonts/minionpro-it
.otf><C:/Users/Windows/AppData/Local/Microsoft/Windows/Fonts/minionpro-regular.o
tf><C:/Users/Windows/AppData/Local/Microsoft/Windows/Fonts/minionpro-bold.otf><C
:/Users/Windows/AppData/Local/Programs/MiKTeX/fonts/type1/public/amsfonts/cm/cmm
i12.pfb><C:/Users/Windows/AppData/Local/Programs/MiKTeX/fonts/type1/public/amsfo
nts/latxfont/lcirclew.pfb>
Output written on LIVRO.pdf (99 pages, 6912792 bytes).

PDF statistics: 407 PDF objects out of 1000 (max. 8388607)
 0 named destinations out of 1000 (max. 131072)
 16 words of extra memory for PDF output out of 10000 (max. 100000000)

