\BOOKMARK [0][-]{chapter*.2}{\376\377\0001\000.\000\040\000A\000\040\000I\000n\000t\000e\000r\000p\000r\000e\000t\000a\000\347\000\343\000o\000\040\000d\000e\000\040\000T\000e\000x\000t\000o\000s}{}% 1
\BOOKMARK [0][-]{chapter*.6}{\376\377\0002\000.\000\040\000G\000\352\000n\000e\000r\000o\000s\000\040\000T\000e\000x\000t\000u\000a\000i\000s\000:\000\040\000N\000a\000r\000r\000a\000\347\000\343\000o\000\040\000e\000\040\000D\000r\000a\000m\000a}{}% 2
\BOOKMARK [0][-]{chapter*.10}{\376\377\0003\000.\000\040\000O\000\040\000G\000\352\000n\000e\000r\000o\000\040\000N\000o\000t\000\355\000c\000i\000a\000\040\000e\000\040\000o\000\040\000U\000s\000o\000\040\000d\000a\000\040\000P\000o\000n\000t\000u\000a\000\347\000\343\000o}{}% 3
\BOOKMARK [0][-]{chapter*.14}{\376\377\0004\000.\000\040\000P\000e\000r\000s\000u\000a\000s\000\343\000o\000\040\000e\000\040\000A\000r\000g\000u\000m\000e\000n\000t\000a\000\347\000\343\000o}{}% 4
\BOOKMARK [0][-]{chapter*.18}{\376\377\0005\000.\000\040\000I\000n\000t\000r\000o\000d\000u\000\347\000\343\000o\000\040\000\340\000\040\000P\000o\000e\000s\000i\000a}{}% 5
\BOOKMARK [0][-]{chapter*.22}{\376\377\0006\000.\000\040\000T\000e\000x\000t\000o\000s\000:\000\040\000m\000o\000d\000o\000s\000\040\000v\000a\000r\000i\000a\000d\000o\000s\000\040\000d\000e\000\040\000s\000e\000\040\000e\000s\000c\000r\000e\000v\000e\000r\000\040\000e\000\040\000f\000a\000l\000a\000r}{}% 6
\BOOKMARK [0][-]{chapter*.26}{\376\377\0007\000.\000\040\000P\000a\000l\000a\000v\000r\000a\000s\000\040\000q\000u\000e\000\040\000a\000c\000r\000e\000s\000c\000e\000n\000t\000a\000m\000\040\000s\000e\000n\000t\000i\000d\000o\000s}{}% 7
\BOOKMARK [0][-]{chapter*.29}{\376\377\0008\000.\000\040\000F\000a\000t\000o\000s\000\040\000e\000\040\000o\000p\000i\000n\000i\000\365\000e\000s}{}% 8
\BOOKMARK [0][-]{chapter*.33}{\376\377\0009\000.\000\040\000O\000r\000g\000a\000n\000i\000z\000a\000n\000d\000o\000\040\000d\000a\000d\000o\000s}{}% 9
\BOOKMARK [0][-]{chapter*.37}{\376\377\0001\0000\000.\000\040\000P\000a\000s\000s\000o\000\040\000a\000\040\000p\000a\000s\000s\000o}{}% 10
\BOOKMARK [0][-]{chapter*.41}{\376\377\000S\000i\000m\000u\000l\000a\000d\000o\000\040\0001}{}% 11
\BOOKMARK [0][-]{chapter*.42}{\376\377\000S\000i\000m\000u\000l\000a\000d\000o\000\040\0002}{}% 12
\BOOKMARK [0][-]{chapter*.43}{\376\377\000S\000i\000m\000u\000l\000a\000d\000o\000\040\0003}{}% 13
\BOOKMARK [0][-]{chapter*.44}{\376\377\000S\000i\000m\000u\000l\000a\000d\000o\000\040\0004}{}% 14
\BOOKMARK [0][-]{chapter*.45}{\376\377\0001\000.\000\040\000T\000e\000m\000p\000o\000\040\000e\000\040\000e\000s\000p\000a\000\347\000o\000:\000\040\000f\000o\000n\000t\000e\000s\000\040\000e\000\040\000f\000o\000r\000m\000a\000s\000\040\000d\000e\000\040\000r\000e\000p\000r\000e\000s\000e\000n\000t\000a\000\347\000\343\000o}{}% 15
\BOOKMARK [0][-]{chapter*.50}{\376\377\0002\000.\000\040\000N\000a\000t\000u\000r\000e\000z\000a\000\040\000e\000\040\000q\000u\000e\000s\000t\000\365\000e\000s\000\040\000s\000o\000c\000i\000o\000a\000m\000b\000i\000e\000n\000t\000a\000i\000s}{}% 16
\BOOKMARK [0][-]{chapter*.55}{\376\377\0003\000.\000\040\000C\000u\000l\000t\000u\000r\000a\000s\000,\000\040\000i\000d\000e\000n\000t\000i\000d\000a\000d\000e\000s\000\040\000e\000\040\000d\000i\000v\000e\000r\000s\000i\000d\000a\000d\000e\000s}{}% 17
\BOOKMARK [0][-]{chapter*.60}{\376\377\0004\000.\000\040\000P\000o\000d\000e\000r\000,\000\040\000e\000s\000t\000a\000d\000o\000\040\000e\000\040\000i\000n\000s\000t\000i\000t\000u\000i\000\347\000\365\000e\000s}{}% 18
\BOOKMARK [0][-]{chapter*.65}{\376\377\0005\000.\000\040\000C\000i\000d\000a\000d\000a\000n\000i\000a\000,\000\040\000d\000i\000r\000e\000i\000t\000o\000s\000\040\000h\000u\000m\000a\000n\000o\000s\000\040\000e\000\040\000m\000o\000v\000i\000m\000e\000n\000t\000o\000s\000\040\000s\000o\000c\000i\000a\000i\000s}{}% 19
\BOOKMARK [0][-]{chapter*.70}{\376\377\0006\000.\000\040\000R\000e\000l\000a\000\347\000\365\000e\000s\000\040\000d\000e\000\040\000t\000r\000a\000b\000a\000l\000h\000o\000,\000\040\000p\000r\000o\000d\000u\000\347\000\343\000o\000\040\000e\000\040\000c\000i\000r\000c\000u\000l\000a\000\347\000\343\000o}{}% 20
\BOOKMARK [0][-]{chapter*.76}{\376\377\000S\000i\000m\000u\000l\000a\000d\000o\000\040\0001}{}% 21
\BOOKMARK [0][-]{chapter*.77}{\376\377\000S\000i\000m\000u\000l\000a\000d\000o\000\040\0002\000\040}{}% 22
\BOOKMARK [0][-]{chapter*.78}{\376\377\000S\000i\000m\000u\000l\000a\000d\000o\000\040\0003}{}% 23
\BOOKMARK [0][-]{chapter*.79}{\376\377\000S\000i\000m\000u\000l\000a\000d\000o\000\040\0004}{}% 24
