\BOOKMARK [0][-]{chapter*.1}{Módulo 1}{}% 1
\BOOKMARK [0][-]{chapter*.5}{Módulo 2}{}% 2
\BOOKMARK [0][-]{chapter*.9}{Módulo 3}{}% 3
\BOOKMARK [0][-]{chapter*.13}{Módulo 4}{}% 4
\BOOKMARK [0][-]{chapter*.17}{Módulo 5}{}% 5
\BOOKMARK [0][-]{chapter*.21}{Módulo 6}{}% 6
\BOOKMARK [0][-]{chapter*.25}{Módulo 7}{}% 7
\BOOKMARK [0][-]{chapter*.29}{Módulo 8}{}% 8
\BOOKMARK [0][-]{chapter*.33}{Módulo 9}{}% 9
\BOOKMARK [0][-]{chapter*.37}{Módulo 10}{}% 10
\BOOKMARK [0][-]{chapter*.41}{Módulo 11}{}% 11
\BOOKMARK [0][-]{chapter*.45}{Módulo 12}{}% 12
\BOOKMARK [0][-]{chapter*.49}{Módulo 13}{}% 13
\BOOKMARK [0][-]{chapter*.53}{Módulo 14}{}% 14
\BOOKMARK [0][-]{chapter*.57}{Módulo 15}{}% 15
\BOOKMARK [0][-]{chapter*.61}{Simulado 1}{}% 16
\BOOKMARK [0][-]{chapter*.62}{Simulado 2}{}% 17
\BOOKMARK [0][-]{chapter*.63}{Simulado 3}{}% 18
\BOOKMARK [0][-]{chapter*.64}{Simulado 4}{}% 19
\BOOKMARK [0][-]{chapter*.65}{Módulo 1: Práticas corporais}{}% 20
\BOOKMARK [0][-]{chapter*.69}{Modulo 2: Jogos e brincadeiras}{}% 21
\BOOKMARK [0][-]{chapter*.73}{Modulo 3: Danças indígenas e africanas}{}% 22
\BOOKMARK [0][-]{chapter*.77}{Simulado 1}{}% 23
\BOOKMARK [0][-]{chapter*.78}{Simulado 2}{}% 24
\BOOKMARK [0][-]{chapter*.79}{Simulado 3}{}% 25
\BOOKMARK [0][-]{chapter*.80}{Simulado 4}{}% 26
\BOOKMARK [0][-]{chapter*.81}{Módulo 1. Matéria e energia}{}% 27
\BOOKMARK [0][-]{chapter*.84}{Módulo 2. vida e evolução}{}% 28
\BOOKMARK [0][-]{chapter*.87}{Módulo 3. Terra e Universo}{}% 29
\BOOKMARK [0][-]{chapter*.90}{Simulado 1}{}% 30
\BOOKMARK [0][-]{chapter*.91}{Simulado 2}{}% 31
\BOOKMARK [0][-]{chapter*.92}{Simulado 3}{}% 32
\BOOKMARK [0][-]{chapter*.93}{Simulado 4}{}% 33
